#-----------------------------------------------------------
# Vivado v2023.2 (64-bit)
# SW Build 4029153 on Fri Oct 13 20:14:34 MDT 2023
# IP Build 4028589 on Sat Oct 14 00:45:43 MDT 2023
# SharedData Build 4025554 on Tue Oct 10 17:18:54 MDT 2023
# Start of session at: Sat Jun 22 11:09:11 2024
# Process ID: 880
# Current directory: D:/work_directory/TDC/Encoder/Encoder
# Command line: vivado.exe -gui_launcher_event rodinguilauncherevent5568 D:\work_directory\TDC\Encoder\Encoder\Encoder.xpr
# Log file: D:/work_directory/TDC/Encoder/Encoder/vivado.log
# Journal file: D:/work_directory/TDC/Encoder/Encoder\vivado.jou
# Running On: LAPTOP-UQD20HRI, OS: Windows, CPU Frequency: 2419 MHz, CPU Physical cores: 4, Host memory: 16952 MB
#-----------------------------------------------------------
start_gui
open_project D:/work_directory/TDC/Encoder/Encoder/Encoder.xpr
WARNING: [Board 49-26] cannot add Board Part xilinx.com:kcu105:part0:1.6 available at D:/Xilinx/Vivado/2023.2/data/xhub/boards/XilinxBoardStore/boards/Xilinx/kcu105/1.6/board.xml as part xcku040-ffva1156-2-e specified in board_part file is either invalid or not available
WARNING: [Board 49-26] cannot add Board Part xilinx.com:kcu105:part0:1.7 available at D:/Xilinx/Vivado/2023.2/data/xhub/boards/XilinxBoardStore/boards/Xilinx/kcu105/1.7/board.xml as part xcku040-ffva1156-2-e specified in board_part file is either invalid or not available
WARNING: [Board 49-26] cannot add Board Part xilinx.com:kcu116:part0:1.4 available at D:/Xilinx/Vivado/2023.2/data/xhub/boards/XilinxBoardStore/boards/Xilinx/kcu116/1.4/board.xml as part xcku5p-ffvb676-2-e specified in board_part file is either invalid or not available
WARNING: [Board 49-26] cannot add Board Part xilinx.com:kcu116:part0:1.5 available at D:/Xilinx/Vivado/2023.2/data/xhub/boards/XilinxBoardStore/boards/Xilinx/kcu116/1.5/board.xml as part xcku5p-ffvb676-2-e specified in board_part file is either invalid or not available
WARNING: [Board 49-26] cannot add Board Part xilinx.com:kcu1500:part0:1.2 available at D:/Xilinx/Vivado/2023.2/data/xhub/boards/XilinxBoardStore/boards/Xilinx/kcu1500/1.2/board.xml as part xcku115-flvb2104-2-e specified in board_part file is either invalid or not available
WARNING: [Board 49-26] cannot add Board Part xilinx.com:vck190:part0:2.2 available at D:/Xilinx/Vivado/2023.2/data/xhub/boards/XilinxBoardStore/boards/Xilinx/vck190/production/2.2/board.xml as part xcvc1902-vsva2197-2mp-e-s specified in board_part file is either invalid or not available
WARNING: [Board 49-26] cannot add Board Part xilinx.com:vck190:part0:3.0 available at D:/Xilinx/Vivado/2023.2/data/xhub/boards/XilinxBoardStore/boards/Xilinx/vck190/production/3.0/board.xml as part xcvc1902-vsva2197-2mp-e-s specified in board_part file is either invalid or not available
WARNING: [Board 49-26] cannot add Board Part xilinx.com:vck190:part0:3.1 available at D:/Xilinx/Vivado/2023.2/data/xhub/boards/XilinxBoardStore/boards/Xilinx/vck190/production/3.1/board.xml as part xcvc1902-vsva2197-2mp-e-s specified in board_part file is either invalid or not available
WARNING: [Board 49-26] cannot add Board Part xilinx.com:vck190:part0:3.2 available at D:/Xilinx/Vivado/2023.2/data/xhub/boards/XilinxBoardStore/boards/Xilinx/vck190/production/3.2/board.xml as part xcvc1902-vsva2197-2mp-e-s specified in board_part file is either invalid or not available
WARNING: [Board 49-26] cannot add Board Part xilinx.com:vck190_newl:part0:1.0 available at D:/Xilinx/Vivado/2023.2/data/xhub/boards/XilinxBoardStore/boards/Xilinx/vck190_newl/production/1.0/board.xml as part xcvc1902-vsva2197-2mp-e-s specified in board_part file is either invalid or not available
WARNING: [Board 49-26] cannot add Board Part xilinx.com:vck190_newl:part0:1.1 available at D:/Xilinx/Vivado/2023.2/data/xhub/boards/XilinxBoardStore/boards/Xilinx/vck190_newl/production/1.1/board.xml as part xcvc1902-vsva2197-2mp-e-s specified in board_part file is either invalid or not available
WARNING: [Board 49-26] cannot add Board Part xilinx.com:vcu108:part0:1.6 available at D:/Xilinx/Vivado/2023.2/data/xhub/boards/XilinxBoardStore/boards/Xilinx/vcu108/1.6/board.xml as part xcvu095-ffva2104-2-e specified in board_part file is either invalid or not available
WARNING: [Board 49-26] cannot add Board Part xilinx.com:vcu108:part0:1.7 available at D:/Xilinx/Vivado/2023.2/data/xhub/boards/XilinxBoardStore/boards/Xilinx/vcu108/1.7/board.xml as part xcvu095-ffva2104-2-e specified in board_part file is either invalid or not available
WARNING: [Board 49-26] cannot add Board Part xilinx.com:vcu110:part0:1.4 available at D:/Xilinx/Vivado/2023.2/data/xhub/boards/XilinxBoardStore/boards/Xilinx/vcu110/1.4/board.xml as part xcvu190-flgc2104-2-e specified in board_part file is either invalid or not available
WARNING: [Board 49-26] cannot add Board Part xilinx.com:vcu118:part0:2.0 available at D:/Xilinx/Vivado/2023.2/data/xhub/boards/XilinxBoardStore/boards/Xilinx/vcu118/2.0/board.xml as part xcvu9p-flga2104-2l-e specified in board_part file is either invalid or not available
WARNING: [Board 49-26] cannot add Board Part xilinx.com:vcu118:part0:2.3 available at D:/Xilinx/Vivado/2023.2/data/xhub/boards/XilinxBoardStore/boards/Xilinx/vcu118/2.3/board.xml as part xcvu9p-flga2104-2l-e specified in board_part file is either invalid or not available
WARNING: [Board 49-26] cannot add Board Part xilinx.com:vcu118:part0:2.4 available at D:/Xilinx/Vivado/2023.2/data/xhub/boards/XilinxBoardStore/boards/Xilinx/vcu118/2.4/board.xml as part xcvu9p-flga2104-2l-e specified in board_part file is either invalid or not available
WARNING: [Board 49-26] cannot add Board Part xilinx.com:vcu128:part0:1.0 available at D:/Xilinx/Vivado/2023.2/data/xhub/boards/XilinxBoardStore/boards/Xilinx/vcu128/production/1.0/board.xml as part xcvu37p-fsvh2892-2l-e specified in board_part file is either invalid or not available
WARNING: [Board 49-26] cannot add Board Part xilinx.com:vcu129:part0:1.0 available at D:/Xilinx/Vivado/2023.2/data/xhub/boards/XilinxBoardStore/boards/Xilinx/vcu129/production/1.0/board.xml as part xcvu29p-fsga2577-2l-e specified in board_part file is either invalid or not available
WARNING: [Board 49-26] cannot add Board Part xilinx.com:vcu1525:part0:1.3 available at D:/Xilinx/Vivado/2023.2/data/xhub/boards/XilinxBoardStore/boards/Xilinx/vcu1525/1.3/board.xml as part xcvu9p-fsgd2104-2l-e specified in board_part file is either invalid or not available
WARNING: [Board 49-26] cannot add Board Part xilinx.com:vek280:part0:1.0 available at D:/Xilinx/Vivado/2023.2/data/xhub/boards/XilinxBoardStore/boards/Xilinx/vek280/production/1.0/board.xml as part xcve2802-vsvh1760-2mp-e-s specified in board_part file is either invalid or not available
WARNING: [Board 49-26] cannot add Board Part xilinx.com:vek280_es:part0:1.0 available at D:/Xilinx/Vivado/2023.2/data/xhub/boards/XilinxBoardStore/boards/Xilinx/vek280/es/rev_a/1.0/board.xml as part xcve2802-vsvh1760-2lp-e-s-es1 specified in board_part file is either invalid or not available
WARNING: [Board 49-26] cannot add Board Part xilinx.com:vek280_es:part0:1.1 available at D:/Xilinx/Vivado/2023.2/data/xhub/boards/XilinxBoardStore/boards/Xilinx/vek280/es/rev_a/1.1/board.xml as part xcve2802-vsvh1760-2lp-e-s-es1 specified in board_part file is either invalid or not available
WARNING: [Board 49-26] cannot add Board Part xilinx.com:vek280_es_revb:part0:1.0 available at D:/Xilinx/Vivado/2023.2/data/xhub/boards/XilinxBoardStore/boards/Xilinx/vek280/es/rev_b/1.0/board.xml as part xcve2802-vsvh1760-2mp-e-s-es1 specified in board_part file is either invalid or not available
WARNING: [Board 49-26] cannot add Board Part xilinx.com:vek280_es_revb:part0:1.1 available at D:/Xilinx/Vivado/2023.2/data/xhub/boards/XilinxBoardStore/boards/Xilinx/vek280/es/rev_b/1.1/board.xml as part xcve2802-vsvh1760-2mp-e-s-es1 specified in board_part file is either invalid or not available
WARNING: [Board 49-26] cannot add Board Part xilinx.com:vhk158:part0:1.0 available at D:/Xilinx/Vivado/2023.2/data/xhub/boards/XilinxBoardStore/boards/Xilinx/vhk158/production/1.0/board.xml as part xcvh1582-vsva3697-2mp-e-s specified in board_part file is either invalid or not available
WARNING: [Board 49-26] cannot add Board Part xilinx.com:vhk158:part0:1.1 available at D:/Xilinx/Vivado/2023.2/data/xhub/boards/XilinxBoardStore/boards/Xilinx/vhk158/production/1.1/board.xml as part xcvh1582-vsva3697-2mp-e-s specified in board_part file is either invalid or not available
WARNING: [Board 49-26] cannot add Board Part xilinx.com:vhk158_es:part0:1.0 available at D:/Xilinx/Vivado/2023.2/data/xhub/boards/XilinxBoardStore/boards/Xilinx/vhk158/es/1.0/board.xml as part xcvh1582-vsva3697-2mp-e-s-es1 specified in board_part file is either invalid or not available
WARNING: [Board 49-26] cannot add Board Part xilinx.com:vhk158_es:part0:1.1 available at D:/Xilinx/Vivado/2023.2/data/xhub/boards/XilinxBoardStore/boards/Xilinx/vhk158/es/1.1/board.xml as part xcvh1582-vsva3697-2mp-e-s-es1 specified in board_part file is either invalid or not available
WARNING: [Board 49-26] cannot add Board Part xilinx.com:vmk180:part0:2.2 available at D:/Xilinx/Vivado/2023.2/data/xhub/boards/XilinxBoardStore/boards/Xilinx/vmk180/production/2.2/board.xml as part xcvm1802-vsva2197-2mp-e-s specified in board_part file is either invalid or not available
WARNING: [Board 49-26] cannot add Board Part xilinx.com:vmk180:part0:3.0 available at D:/Xilinx/Vivado/2023.2/data/xhub/boards/XilinxBoardStore/boards/Xilinx/vmk180/production/3.0/board.xml as part xcvm1802-vsva2197-2mp-e-s specified in board_part file is either invalid or not available
WARNING: [Board 49-26] cannot add Board Part xilinx.com:vmk180:part0:3.1 available at D:/Xilinx/Vivado/2023.2/data/xhub/boards/XilinxBoardStore/boards/Xilinx/vmk180/production/3.1/board.xml as part xcvm1802-vsva2197-2mp-e-s specified in board_part file is either invalid or not available
WARNING: [Board 49-26] cannot add Board Part xilinx.com:vmk180:part0:3.2 available at D:/Xilinx/Vivado/2023.2/data/xhub/boards/XilinxBoardStore/boards/Xilinx/vmk180/production/3.2/board.xml as part xcvm1802-vsva2197-2mp-e-s specified in board_part file is either invalid or not available
WARNING: [Board 49-26] cannot add Board Part xilinx.com:vmk180_newl:part0:1.0 available at D:/Xilinx/Vivado/2023.2/data/xhub/boards/XilinxBoardStore/boards/Xilinx/vmk180_newl/production/1.0/board.xml as part xcvm1802-vsva2197-2mp-e-s specified in board_part file is either invalid or not available
WARNING: [Board 49-26] cannot add Board Part xilinx.com:vmk180_newl:part0:1.1 available at D:/Xilinx/Vivado/2023.2/data/xhub/boards/XilinxBoardStore/boards/Xilinx/vmk180_newl/production/1.1/board.xml as part xcvm1802-vsva2197-2mp-e-s specified in board_part file is either invalid or not available
WARNING: [Board 49-26] cannot add Board Part xilinx.com:vpk120:part0:1.0 available at D:/Xilinx/Vivado/2023.2/data/xhub/boards/XilinxBoardStore/boards/Xilinx/vpk120/production/1.0/board.xml as part xcvp1202-vsva2785-2mp-e-s specified in board_part file is either invalid or not available
WARNING: [Board 49-26] cannot add Board Part xilinx.com:vpk120:part0:1.1 available at D:/Xilinx/Vivado/2023.2/data/xhub/boards/XilinxBoardStore/boards/Xilinx/vpk120/production/1.1/board.xml as part xcvp1202-vsva2785-2mp-e-s specified in board_part file is either invalid or not available
WARNING: [Board 49-26] cannot add Board Part xilinx.com:vpk120:part0:1.2 available at D:/Xilinx/Vivado/2023.2/data/xhub/boards/XilinxBoardStore/boards/Xilinx/vpk120/production/1.2/board.xml as part xcvp1202-vsva2785-2mp-e-s specified in board_part file is either invalid or not available
WARNING: [Board 49-26] cannot add Board Part xilinx.com:vpk180:part0:1.0 available at D:/Xilinx/Vivado/2023.2/data/xhub/boards/XilinxBoardStore/boards/Xilinx/vpk180/production/1.0/board.xml as part xcvp1802-lsvc4072-2mp-e-s specified in board_part file is either invalid or not available
WARNING: [Board 49-26] cannot add Board Part xilinx.com:vpk180:part0:1.1 available at D:/Xilinx/Vivado/2023.2/data/xhub/boards/XilinxBoardStore/boards/Xilinx/vpk180/production/1.1/board.xml as part xcvp1802-lsvc4072-2mp-e-s specified in board_part file is either invalid or not available
WARNING: [Board 49-26] cannot add Board Part xilinx.com:zcu208ld:part0:2.0 available at D:/Xilinx/Vivado/2023.2/data/xhub/boards/XilinxBoardStore/boards/Xilinx/zcu208ld/production/2.0/board.xml as part xczu58dr-fsvg1517-2-i specified in board_part file is either invalid or not available
WARNING: [Board 49-26] cannot add Board Part xilinx.com:zcu216ld:part0:2.0 available at D:/Xilinx/Vivado/2023.2/data/xhub/boards/XilinxBoardStore/boards/Xilinx/zcu216ld/production/2.0/board.xml as part xczu59dr-ffvf1760-2-i specified in board_part file is either invalid or not available
WARNING: [Board 49-26] cannot add Board Part xilinx.com:zcu670:part0:2.0 available at D:/Xilinx/Vivado/2023.2/data/xhub/boards/XilinxBoardStore/boards/Xilinx/zcu670/2.0/board.xml as part xczu67dr-fsve1156-2-i specified in board_part file is either invalid or not available
WARNING: [Board 49-26] cannot add Board Part xilinx.com:zcu670ld:part0:1.0 available at D:/Xilinx/Vivado/2023.2/data/xhub/boards/XilinxBoardStore/boards/Xilinx/zcu670ld/1.0/board.xml as part xczu57dr-fsve1156-2-i specified in board_part file is either invalid or not available
INFO: [filemgmt 56-3] Default IP Output Path : Could not find the directory 'D:/work_directory/TDC/Encoder/Encoder/Encoder.gen/sources_1'.
Scanning sources...
Finished scanning sources
INFO: [IP_Flow 19-234] Refreshing IP repositories
INFO: [IP_Flow 19-1704] No user IP repositories specified
INFO: [IP_Flow 19-2313] Loaded Vivado IP repository 'D:/Xilinx/Vivado/2023.2/data/ip'.
open_project: Time (s): cpu = 00:00:31 ; elapsed = 00:00:15 . Memory (MB): peak = 1482.012 ; gain = 382.711
update_compile_order -fileset sources_1
launch_simulation -mode post-synthesis -type timing
Command: launch_simulation  -mode post-synthesis -type timing
INFO: [Vivado 12-12493] Simulation top is 'tb_top'
WARNING: [Vivado 12-13340] Unable to auto find GCC executables from simulator install path! (path not set)
INFO: [Vivado 12-5682] Launching post-synthesis timing simulation in 'D:/work_directory/TDC/Encoder/Encoder/Encoder.sim/sim_1/synth/timing/xsim'
INFO: [SIM-utils-51] Simulation object is 'sim_1'
INFO: [SIM-utils-72] Using boost library from 'D:/Xilinx/Vivado/2023.2/tps/boost_1_72_0'
INFO: [SIM-utils-20] The target language is set to VHDL, it is not supported for simulation type 'timing', using Verilog instead.
Design is defaulting to impl run constrset: constrs_1
Design is defaulting to synth run part: xck26-sfvc784-2LV-c
INFO: [Device 21-403] Loading part xck26-sfvc784-2LV-c
Netlist sorting complete. Time (s): cpu = 00:00:00 ; elapsed = 00:00:00.001 . Memory (MB): peak = 2465.188 ; gain = 0.000
INFO: [Netlist 29-17] Analyzing 25 Unisim elements for replacement
INFO: [Netlist 29-28] Unisim Transformation completed in 1 CPU seconds
INFO: [Project 1-479] Netlist was created with Vivado 2023.2
INFO: [Project 1-570] Preparing netlist for logic optimization
INFO: [Opt 31-138] Pushed 0 inverter(s) to 0 load pin(s).
Netlist sorting complete. Time (s): cpu = 00:00:00 ; elapsed = 00:00:00 . Memory (MB): peak = 2520.410 ; gain = 0.000
INFO: [Project 1-111] Unisim Transformation Summary:
  A total of 25 instances were transformed.
  IBUF => IBUF (IBUFCTRL, INBUF): 25 instances

open_run: Time (s): cpu = 00:00:34 ; elapsed = 00:00:20 . Memory (MB): peak = 3264.191 ; gain = 1773.797
INFO: [SIM-utils-24] Writing simulation netlist file for design 'synth_1'...
INFO: [SIM-utils-25] write_verilog -mode timesim -nolib -sdf_anno true -force -file "D:/work_directory/TDC/Encoder/Encoder/Encoder.sim/sim_1/synth/timing/xsim/tb_top_time_synth.v"
write_verilog: Time (s): cpu = 00:00:28 ; elapsed = 00:00:25 . Memory (MB): peak = 3674.559 ; gain = 410.367
INFO: [SIM-utils-27] Writing SDF file...
INFO: [SIM-utils-28] write_sdf -mode timesim -process_corner slow -force -file "D:/work_directory/TDC/Encoder/Encoder/Encoder.sim/sim_1/synth/timing/xsim/tb_top_time_synth.sdf"
write_sdf: Time (s): cpu = 00:00:28 ; elapsed = 00:00:27 . Memory (MB): peak = 4667.523 ; gain = 992.965
INFO: [SIM-utils-36] Netlist generated:D:/work_directory/TDC/Encoder/Encoder/Encoder.sim/sim_1/synth/timing/xsim/tb_top_time_synth.v
INFO: [SIM-utils-37] SDF generated:D:/work_directory/TDC/Encoder/Encoder/Encoder.sim/sim_1/synth/timing/xsim/tb_top_time_synth.sdf
INFO: [SIM-utils-54] Inspecting design source files for 'tb_top' in fileset 'sim_1'...
INFO: [USF-XSim-2] XSim::Compile design
INFO: [USF-XSim-61] Executing 'COMPILE and ANALYZE' step in 'D:/work_directory/TDC/Encoder/Encoder/Encoder.sim/sim_1/synth/timing/xsim'
"xvlog --incr --relax -prj tb_top_vlog.prj"
ECHO 处于关闭状态。
ECHO 处于关闭状态。
INFO: [VRFC 10-2263] Analyzing Verilog file "D:/work_directory/TDC/Encoder/Encoder/Encoder.sim/sim_1/synth/timing/xsim/tb_top_time_synth.v" into library xil_defaultlib
INFO: [VRFC 10-311] analyzing module IBUF_UNIQ_BASE_
INFO: [VRFC 10-311] analyzing module IBUF_HD1
INFO: [VRFC 10-311] analyzing module IBUF_HD10
INFO: [VRFC 10-311] analyzing module IBUF_HD11
INFO: [VRFC 10-311] analyzing module IBUF_HD12
INFO: [VRFC 10-311] analyzing module IBUF_HD13
INFO: [VRFC 10-311] analyzing module IBUF_HD14
INFO: [VRFC 10-311] analyzing module IBUF_HD15
INFO: [VRFC 10-311] analyzing module IBUF_HD16
INFO: [VRFC 10-311] analyzing module IBUF_HD17
INFO: [VRFC 10-311] analyzing module IBUF_HD18
INFO: [VRFC 10-311] analyzing module IBUF_HD19
INFO: [VRFC 10-311] analyzing module IBUF_HD2
INFO: [VRFC 10-311] analyzing module IBUF_HD20
INFO: [VRFC 10-311] analyzing module IBUF_HD21
INFO: [VRFC 10-311] analyzing module IBUF_HD22
INFO: [VRFC 10-311] analyzing module IBUF_HD23
INFO: [VRFC 10-311] analyzing module IBUF_HD24
INFO: [VRFC 10-311] analyzing module IBUF_HD3
INFO: [VRFC 10-311] analyzing module IBUF_HD4
INFO: [VRFC 10-311] analyzing module IBUF_HD5
INFO: [VRFC 10-311] analyzing module IBUF_HD6
INFO: [VRFC 10-311] analyzing module IBUF_HD7
INFO: [VRFC 10-311] analyzing module IBUF_HD8
INFO: [VRFC 10-311] analyzing module IBUF_HD9
INFO: [VRFC 10-311] analyzing module Encoder
INFO: [VRFC 10-311] analyzing module glbl
"xvhdl --incr --relax -prj tb_top_vhdl.prj"
ECHO 处于关闭状态。
ECHO 处于关闭状态。
run_program: Time (s): cpu = 00:00:00 ; elapsed = 00:00:14 . Memory (MB): peak = 4667.523 ; gain = 0.000
INFO: [USF-XSim-69] 'compile' step finished in '13' seconds
INFO: [USF-XSim-3] XSim::Elaborate design
INFO: [USF-XSim-61] Executing 'ELABORATE' step in 'D:/work_directory/TDC/Encoder/Encoder/Encoder.sim/sim_1/synth/timing/xsim'
"xelab --incr --debug typical --relax --mt 2 --maxdelay -L xil_defaultlib -L simprims_ver -L secureip --snapshot tb_top_time_synth -transport_int_delays -pulse_r 0 -pulse_int_r 0 -pulse_e 0 -pulse_int_e 0 xil_defaultlib.tb_top xil_defaultlib.glbl -log elaborate.log"
ECHO 处于关闭状态。
ECHO 处于关闭状态。
Vivado Simulator v2023.2
Copyright 1986-2022 Xilinx, Inc. All Rights Reserved.
Copyright 2022-2023 Advanced Micro Devices, Inc. All Rights Reserved.
Running: D:/Xilinx/Vivado/2023.2/bin/unwrapped/win64.o/xelab.exe --incr --debug typical --relax --mt 2 --maxdelay -L xil_defaultlib -L simprims_ver -L secureip --snapshot tb_top_time_synth -transport_int_delays -pulse_r 0 -pulse_int_r 0 -pulse_e 0 -pulse_int_e 0 xil_defaultlib.tb_top xil_defaultlib.glbl -log elaborate.log 
Using 2 slave threads.
Starting static elaboration
Pass Through NonSizing Optimizer
Completed static elaboration
Starting simulation data flow analysis
Completed simulation data flow analysis
INFO: [XSIM 43-3451] SDF backannotation process started with SDF file "tb_top_time_synth.sdf", for root module "tb_top/enc".
INFO: [XSIM 43-3452] SDF backannotation was successful for SDF file "tb_top_time_synth.sdf", for root module "tb_top/enc".
Time Resolution for simulation is 1ps
Compiling package std.standard
Compiling package std.textio
Compiling package ieee.std_logic_1164
Compiling package vl.vl_types
Compiling module xil_defaultlib.glbl
Compiling module simprims_ver.x_lut3_mux8
Compiling module simprims_ver.LUT3
Compiling module simprims_ver.x_lut2_mux4
Compiling module simprims_ver.LUT2
Compiling module simprims_ver.FDSE_default
Compiling module simprims_ver.FDRE_default
Compiling module simprims_ver.BUFGCE(CE_TYPE="ASYNC",SIM_DEVIC...
Compiling module simprims_ver.IBUFCTRL_default
Compiling module simprims_ver.INBUF_default
Compiling module xil_defaultlib.IBUF_UNIQ_BASE_
Compiling module xil_defaultlib.IBUF_HD1
Compiling module simprims_ver.OBUF
Compiling module simprims_ver.LUT4
Compiling module simprims_ver.x_lut1_mux2
Compiling module simprims_ver.LUT1(INIT=2'b01)
Compiling module simprims_ver.LUT5
Compiling module simprims_ver.LUT6
Compiling module xil_defaultlib.IBUF_HD2
Compiling module xil_defaultlib.IBUF_HD3
Compiling module xil_defaultlib.IBUF_HD4
Compiling module xil_defaultlib.IBUF_HD5
Compiling module xil_defaultlib.IBUF_HD6
Compiling module xil_defaultlib.IBUF_HD7
Compiling module xil_defaultlib.IBUF_HD8
Compiling module xil_defaultlib.IBUF_HD9
Compiling module xil_defaultlib.IBUF_HD10
Compiling module xil_defaultlib.IBUF_HD11
Compiling module xil_defaultlib.IBUF_HD12
Compiling module xil_defaultlib.IBUF_HD13
Compiling module xil_defaultlib.IBUF_HD14
Compiling module xil_defaultlib.IBUF_HD15
Compiling module xil_defaultlib.IBUF_HD16
Compiling module xil_defaultlib.IBUF_HD17
Compiling module xil_defaultlib.IBUF_HD18
Compiling module xil_defaultlib.IBUF_HD19
Compiling module xil_defaultlib.IBUF_HD20
Compiling module xil_defaultlib.IBUF_HD21
Compiling module xil_defaultlib.IBUF_HD22
Compiling module xil_defaultlib.IBUF_HD23
Compiling module xil_defaultlib.IBUF_HD24
Compiling module xil_defaultlib.Encoder
Compiling architecture behavioral of entity xil_defaultlib.tb_top
Built simulation snapshot tb_top_time_synth
run_program: Time (s): cpu = 00:00:03 ; elapsed = 00:00:24 . Memory (MB): peak = 4667.523 ; gain = 0.000
INFO: [USF-XSim-69] 'elaborate' step finished in '25' seconds
INFO: [USF-XSim-4] XSim::Simulate design
INFO: [USF-XSim-61] Executing 'SIMULATE' step in 'D:/work_directory/TDC/Encoder/Encoder/Encoder.sim/sim_1/synth/timing/xsim'
INFO: [USF-XSim-98] *** Running xsim
   with args "tb_top_time_synth -key {Post-Synthesis:sim_1:Timing:tb_top} -tclbatch {tb_top.tcl} -log {simulate.log}"
INFO: [USF-XSim-8] Loading simulator feature
Time resolution is 1 ps
source tb_top.tcl
# set curr_wave [current_wave_config]
# if { [string length $curr_wave] == 0 } {
#   if { [llength [get_objects]] > 0} {
#     add_wave /
#     set_property needs_save false [current_wave_config]
#   } else {
#      send_msg_id Add_Wave-1 WARNING "No top level signals found. Simulator will start without a wave window. If you want to open a wave window go to 'File->New Waveform Configuration' or type 'create_wave_config' in the TCL console."
#   }
# }
# run 100ns
xsim: Time (s): cpu = 00:00:06 ; elapsed = 00:00:06 . Memory (MB): peak = 4667.523 ; gain = 0.000
INFO: [USF-XSim-96] XSim completed. Design snapshot 'tb_top_time_synth' loaded.
INFO: [USF-XSim-97] XSim simulation ran for 100ns
launch_simulation: Time (s): cpu = 00:01:41 ; elapsed = 00:01:58 . Memory (MB): peak = 4667.523 ; gain = 3177.129
run 10 ns
run 10 ns
run 10 ns
run 10 ns
run 10 ns
launch_runs impl_1 -jobs 4
Write ShapeDB Complete: Time (s): cpu = 00:00:00 ; elapsed = 00:00:00.003 . Memory (MB): peak = 4667.523 ; gain = 0.000
[Sat Jun 22 11:13:52 2024] Launched impl_1...
Run output will be captured here: D:/work_directory/TDC/Encoder/Encoder/Encoder.runs/impl_1/runme.log
close_design
open_run impl_1
Netlist sorting complete. Time (s): cpu = 00:00:00 ; elapsed = 00:00:00.001 . Memory (MB): peak = 4667.523 ; gain = 0.000
INFO: [Netlist 29-17] Analyzing 25 Unisim elements for replacement
INFO: [Netlist 29-28] Unisim Transformation completed in 0 CPU seconds
INFO: [Project 1-479] Netlist was created with Vivado 2023.2
INFO: [Project 1-570] Preparing netlist for logic optimization
Read ShapeDB Complete: Time (s): cpu = 00:00:00 ; elapsed = 00:00:00.005 . Memory (MB): peak = 4667.523 ; gain = 0.000
INFO: [Designutils 20-5722] Start Reading Physical Databases.
Reading placement.
Read Netlist Cache: Time (s): cpu = 00:00:00 ; elapsed = 00:00:00 . Memory (MB): peak = 4667.523 ; gain = 0.000
Reading placer database...
Read Device Cache: Time (s): cpu = 00:00:00 ; elapsed = 00:00:00.059 . Memory (MB): peak = 4667.523 ; gain = 0.000
Read PlaceDB: Time (s): cpu = 00:00:00 ; elapsed = 00:00:00.006 . Memory (MB): peak = 4667.523 ; gain = 0.000
Read PulsedLatchDB: Time (s): cpu = 00:00:00 ; elapsed = 00:00:00 . Memory (MB): peak = 4667.523 ; gain = 0.000
Reading routing.
Read RouteStorage: Time (s): cpu = 00:00:00 ; elapsed = 00:00:00.030 . Memory (MB): peak = 4667.523 ; gain = 0.000
Read Physdb Files: Time (s): cpu = 00:00:00 ; elapsed = 00:00:00.116 . Memory (MB): peak = 4667.523 ; gain = 0.000
Restored from archive | CPU: 0.000000 secs | Memory: 0.000000 MB |
Finished XDEF File Restore: Time (s): cpu = 00:00:00 ; elapsed = 00:00:00.117 . Memory (MB): peak = 4667.523 ; gain = 0.000
Netlist sorting complete. Time (s): cpu = 00:00:00 ; elapsed = 00:00:00.001 . Memory (MB): peak = 4667.523 ; gain = 0.000
INFO: [Project 1-111] Unisim Transformation Summary:
  A total of 25 instances were transformed.
  IBUF => IBUF (IBUFCTRL, INBUF): 25 instances

open_report: Time (s): cpu = 00:00:10 ; elapsed = 00:00:05 . Memory (MB): peak = 4707.492 ; gain = 39.969
WARNING: [Timing 38-313] There are no user specified timing constraints. Timing constraints are needed for proper timing analysis.
launch_simulation -mode post-implementation -type timing
Command: launch_simulation  -mode post-implementation -type timing
INFO: [Vivado 12-12493] Simulation top is 'tb_top'
WARNING: [Vivado 12-13340] Unable to auto find GCC executables from simulator install path! (path not set)
INFO: [Vivado 12-5682] Launching post-implementation timing simulation in 'D:/work_directory/TDC/Encoder/Encoder/Encoder.sim/sim_1/impl/timing/xsim'
INFO: [SIM-utils-51] Simulation object is 'sim_1'
INFO: [SIM-utils-72] Using boost library from 'D:/Xilinx/Vivado/2023.2/tps/boost_1_72_0'
INFO: [SIM-utils-20] The target language is set to VHDL, it is not supported for simulation type 'timing', using Verilog instead.
INFO: [SIM-utils-31] Writing simulation netlist file for design 'impl_1'...
INFO: [SIM-utils-32] write_verilog -mode timesim -nolib -sdf_anno true -force -file "D:/work_directory/TDC/Encoder/Encoder/Encoder.sim/sim_1/impl/timing/xsim/tb_top_time_impl.v"
INFO: [SIM-utils-34] Writing SDF file...
INFO: [SIM-utils-35] write_sdf -mode timesim -process_corner slow -force -file "D:/work_directory/TDC/Encoder/Encoder/Encoder.sim/sim_1/impl/timing/xsim/tb_top_time_impl.sdf"
INFO: [SIM-utils-36] Netlist generated:D:/work_directory/TDC/Encoder/Encoder/Encoder.sim/sim_1/impl/timing/xsim/tb_top_time_impl.v
INFO: [SIM-utils-37] SDF generated:D:/work_directory/TDC/Encoder/Encoder/Encoder.sim/sim_1/impl/timing/xsim/tb_top_time_impl.sdf
INFO: [SIM-utils-54] Inspecting design source files for 'tb_top' in fileset 'sim_1'...
INFO: [USF-XSim-2] XSim::Compile design
INFO: [USF-XSim-61] Executing 'COMPILE and ANALYZE' step in 'D:/work_directory/TDC/Encoder/Encoder/Encoder.sim/sim_1/impl/timing/xsim'
"xvlog --incr --relax -prj tb_top_vlog.prj"
ECHO 处于关闭状态。
ECHO 处于关闭状态。
INFO: [VRFC 10-2263] Analyzing Verilog file "D:/work_directory/TDC/Encoder/Encoder/Encoder.sim/sim_1/impl/timing/xsim/tb_top_time_impl.v" into library xil_defaultlib
INFO: [VRFC 10-311] analyzing module IBUF_UNIQ_BASE_
INFO: [VRFC 10-311] analyzing module IBUF_HD25
INFO: [VRFC 10-311] analyzing module IBUF_HD26
INFO: [VRFC 10-311] analyzing module IBUF_HD27
INFO: [VRFC 10-311] analyzing module IBUF_HD28
INFO: [VRFC 10-311] analyzing module IBUF_HD29
INFO: [VRFC 10-311] analyzing module IBUF_HD30
INFO: [VRFC 10-311] analyzing module IBUF_HD31
INFO: [VRFC 10-311] analyzing module IBUF_HD32
INFO: [VRFC 10-311] analyzing module IBUF_HD33
INFO: [VRFC 10-311] analyzing module IBUF_HD34
INFO: [VRFC 10-311] analyzing module IBUF_HD35
INFO: [VRFC 10-311] analyzing module IBUF_HD36
INFO: [VRFC 10-311] analyzing module IBUF_HD37
INFO: [VRFC 10-311] analyzing module IBUF_HD38
INFO: [VRFC 10-311] analyzing module IBUF_HD39
INFO: [VRFC 10-311] analyzing module IBUF_HD40
INFO: [VRFC 10-311] analyzing module IBUF_HD41
INFO: [VRFC 10-311] analyzing module IBUF_HD42
INFO: [VRFC 10-311] analyzing module IBUF_HD43
INFO: [VRFC 10-311] analyzing module IBUF_HD44
INFO: [VRFC 10-311] analyzing module IBUF_HD45
INFO: [VRFC 10-311] analyzing module IBUF_HD46
INFO: [VRFC 10-311] analyzing module IBUF_HD47
INFO: [VRFC 10-311] analyzing module IBUF_HD48
INFO: [VRFC 10-311] analyzing module Encoder
INFO: [VRFC 10-311] analyzing module glbl
"xvhdl --incr --relax -prj tb_top_vhdl.prj"
ECHO 处于关闭状态。
ECHO 处于关闭状态。
INFO: [VRFC 10-163] Analyzing VHDL file "D:/work_directory/TDC/Encoder/Encoder/Encoder.srcs/sources_1/imports/Encoder.srcs/sim_1/new/tb_top.vhd" into library xil_defaultlib
INFO: [VRFC 10-3107] analyzing entity 'tb_top'
run_program: Time (s): cpu = 00:00:01 ; elapsed = 00:00:08 . Memory (MB): peak = 4728.867 ; gain = 0.000
INFO: [USF-XSim-69] 'compile' step finished in '8' seconds
INFO: [USF-XSim-3] XSim::Elaborate design
INFO: [USF-XSim-61] Executing 'ELABORATE' step in 'D:/work_directory/TDC/Encoder/Encoder/Encoder.sim/sim_1/impl/timing/xsim'
"xelab --incr --debug typical --relax --mt 2 --maxdelay -L xil_defaultlib -L simprims_ver -L secureip --snapshot tb_top_time_impl -transport_int_delays -pulse_r 0 -pulse_int_r 0 -pulse_e 0 -pulse_int_e 0 xil_defaultlib.tb_top xil_defaultlib.glbl -log elaborate.log"
ECHO 处于关闭状态。
ECHO 处于关闭状态。
Vivado Simulator v2023.2
Copyright 1986-2022 Xilinx, Inc. All Rights Reserved.
Copyright 2022-2023 Advanced Micro Devices, Inc. All Rights Reserved.
Running: D:/Xilinx/Vivado/2023.2/bin/unwrapped/win64.o/xelab.exe --incr --debug typical --relax --mt 2 --maxdelay -L xil_defaultlib -L simprims_ver -L secureip --snapshot tb_top_time_impl -transport_int_delays -pulse_r 0 -pulse_int_r 0 -pulse_e 0 -pulse_int_e 0 xil_defaultlib.tb_top xil_defaultlib.glbl -log elaborate.log 
Using 2 slave threads.
Starting static elaboration
Pass Through NonSizing Optimizer
Completed static elaboration
Starting simulation data flow analysis
Completed simulation data flow analysis
INFO: [XSIM 43-3451] SDF backannotation process started with SDF file "tb_top_time_impl.sdf", for root module "tb_top/enc".
INFO: [XSIM 43-3452] SDF backannotation was successful for SDF file "tb_top_time_impl.sdf", for root module "tb_top/enc".
Time Resolution for simulation is 1ps
Compiling package std.standard
Compiling package std.textio
Compiling package ieee.std_logic_1164
Compiling package vl.vl_types
Compiling module xil_defaultlib.glbl
Compiling module simprims_ver.x_lut3_mux8
Compiling module simprims_ver.LUT3
Compiling module simprims_ver.x_lut2_mux4
Compiling module simprims_ver.LUT2
Compiling module simprims_ver.FDSE_default
Compiling module simprims_ver.FDRE_default
Compiling module simprims_ver.BUFGCE(CE_TYPE="ASYNC",SIM_DEVIC...
Compiling module simprims_ver.IBUFCTRL_default
Compiling module simprims_ver.INBUF_default
Compiling module xil_defaultlib.IBUF_UNIQ_BASE_
Compiling module xil_defaultlib.IBUF_HD25
Compiling module simprims_ver.OBUF
Compiling module simprims_ver.LUT4
Compiling module simprims_ver.x_lut1_mux2
Compiling module simprims_ver.LUT1(INIT=2'b01)
Compiling module simprims_ver.LUT5
Compiling module simprims_ver.LUT6
Compiling module xil_defaultlib.IBUF_HD26
Compiling module xil_defaultlib.IBUF_HD27
Compiling module xil_defaultlib.IBUF_HD28
Compiling module xil_defaultlib.IBUF_HD29
Compiling module xil_defaultlib.IBUF_HD30
Compiling module xil_defaultlib.IBUF_HD31
Compiling module xil_defaultlib.IBUF_HD32
Compiling module xil_defaultlib.IBUF_HD33
Compiling module xil_defaultlib.IBUF_HD34
Compiling module xil_defaultlib.IBUF_HD35
Compiling module xil_defaultlib.IBUF_HD36
Compiling module xil_defaultlib.IBUF_HD37
Compiling module xil_defaultlib.IBUF_HD38
Compiling module xil_defaultlib.IBUF_HD39
Compiling module xil_defaultlib.IBUF_HD40
Compiling module xil_defaultlib.IBUF_HD41
Compiling module xil_defaultlib.IBUF_HD42
Compiling module xil_defaultlib.IBUF_HD43
Compiling module xil_defaultlib.IBUF_HD44
Compiling module xil_defaultlib.IBUF_HD45
Compiling module xil_defaultlib.IBUF_HD46
Compiling module xil_defaultlib.IBUF_HD47
Compiling module xil_defaultlib.IBUF_HD48
Compiling module xil_defaultlib.Encoder
Compiling architecture behavioral of entity xil_defaultlib.tb_top
Built simulation snapshot tb_top_time_impl
run_program: Time (s): cpu = 00:00:00 ; elapsed = 00:00:11 . Memory (MB): peak = 4728.867 ; gain = 0.000
INFO: [USF-XSim-69] 'elaborate' step finished in '11' seconds
INFO: [USF-XSim-4] XSim::Simulate design
INFO: [USF-XSim-61] Executing 'SIMULATE' step in 'D:/work_directory/TDC/Encoder/Encoder/Encoder.sim/sim_1/impl/timing/xsim'
INFO: [USF-XSim-98] *** Running xsim
   with args "tb_top_time_impl -key {Post-Implementation:sim_1:Timing:tb_top} -tclbatch {tb_top.tcl} -log {simulate.log}"
INFO: [USF-XSim-8] Loading simulator feature
Time resolution is 1 ps
source tb_top.tcl
# set curr_wave [current_wave_config]
# if { [string length $curr_wave] == 0 } {
#   if { [llength [get_objects]] > 0} {
#     add_wave /
#     set_property needs_save false [current_wave_config]
#   } else {
#      send_msg_id Add_Wave-1 WARNING "No top level signals found. Simulator will start without a wave window. If you want to open a wave window go to 'File->New Waveform Configuration' or type 'create_wave_config' in the TCL console."
#   }
# }
# run 100ns
xsim: Time (s): cpu = 00:00:03 ; elapsed = 00:00:06 . Memory (MB): peak = 4732.414 ; gain = 3.547
INFO: [USF-XSim-96] XSim completed. Design snapshot 'tb_top_time_impl' loaded.
INFO: [USF-XSim-97] XSim simulation ran for 100ns
launch_simulation: Time (s): cpu = 00:00:10 ; elapsed = 00:00:26 . Memory (MB): peak = 4732.414 ; gain = 17.211
run 10 ns
run 10 ns
run 10 ns
run 10 ns
run 10 ns
close_sim
INFO: [Simtcl 6-16] Simulation closed
close_sim
INFO: [Simtcl 6-16] Simulation closed
exit
INFO: [Common 17-206] Exiting Vivado at Sat Jun 22 11:28:16 2024...
