ECHO 处于关闭状态。
ECHO 处于关闭状态。
INFO: [HLS 200-10] Running 'D:/Xilinx/Vitis_HLS/2023.2/bin/unwrapped/win64.o/vitis_hls.exe'
INFO: [HLS 200-10] For user 'Xinlong_Liu' on host 'laptop-uqd20hri' (Windows NT_amd64 version 6.2) on Wed Apr 24 16:05:51 -0400 2024
INFO: [HLS 200-10] In directory 'D:/work_directory/TDC'
INFO: [HLS 200-2053] The vitis_hls executable is being deprecated. Consider using vitis-run --mode hls --tcl
Sourcing Tcl script 'D:/work_directory/TDC/Encoder/solution1/export.tcl'
INFO: [HLS 200-1510] Running: source D:/work_directory/TDC/Encoder/solution1/export.tcl
INFO: [HLS 200-1510] Running: open_project Encoder 
INFO: [HLS 200-10] Opening project 'D:/work_directory/TDC/Encoder'.
INFO: [HLS 200-1510] Running: set_top encoder 
INFO: [HLS 200-1510] Running: add_files Encoder/source/encoder.cpp 
INFO: [HLS 200-10] Adding design file 'Encoder/source/encoder.cpp' to the project
INFO: [HLS 200-1510] Running: add_files Encoder/source/encoder.h 
INFO: [HLS 200-10] Adding design file 'Encoder/source/encoder.h' to the project
INFO: [HLS 200-1510] Running: add_files -tb Encoder/source/encoder_test.cpp -cflags -Wno-unknown-pragmas 
INFO: [HLS 200-10] Adding test bench file 'Encoder/source/encoder_test.cpp' to the project
INFO: [HLS 200-1510] Running: open_solution solution1 -flow_target vivado 
INFO: [HLS 200-10] Opening solution 'D:/work_directory/TDC/Encoder/solution1'.
INFO: [SYN 201-201] Setting up clock 'default' with a period of 33ns.
INFO: [HLS 200-1611] Setting target device to 'xc7a35t-cpg236-1'
INFO: [HLS 200-1505] Using flow_target 'vivado'
Resolution: For help on HLS 200-1505 see docs.xilinx.com/access/sources/dita/topic?Doc_Version=2023.2%20English&url=ug1448-hls-guidance&resourceid=200-1505.html
INFO: [HLS 200-1464] Running solution command: config_cosim -rtl=vhdl
INFO: [HLS 200-1464] Running solution command: config_cosim -tool=xsim
INFO: [HLS 200-1464] Running solution command: config_export -format=ip_catalog
INFO: [HLS 200-1464] Running solution command: config_export -output=D:/work_directory/TDC/Encoder/vivado_ip
INFO: [HLS 200-1464] Running solution command: config_export -rtl=verilog
INFO: [HLS 200-1510] Running: set_part xc7a35t-cpg236-1 
INFO: [HLS 200-1510] Running: create_clock -period 33 -name default 
INFO: [HLS 200-1510] Running: config_cosim -rtl vhdl -tool xsim 
INFO: [HLS 200-1510] Running: config_export -format ip_catalog -output D:/work_directory/TDC/Encoder/vivado_ip -rtl verilog 
INFO: [HLS 200-1510] Running: source ./Encoder/solution1/directives.tcl
INFO: [HLS 200-1510] Running: set_directive_top -name encoder encoder 
INFO: [HLS 200-1510] Running: export_design -rtl verilog -format ip_catalog -output D:/work_directory/TDC/Encoder/vivado_ip 
INFO: [IMPL 213-8] Exporting RTL as a Vivado IP.
ECHO 处于关闭状态。
ECHO 处于关闭状态。

****** Vivado v2023.2 (64-bit)
  **** SW Build 4029153 on Fri Oct 13 20:14:34 MDT 2023
  **** IP Build 4028589 on Sat Oct 14 00:45:43 MDT 2023
  **** SharedData Build 4025554 on Tue Oct 10 17:18:54 MDT 2023
    ** Copyright 1986-2022 Xilinx, Inc. All Rights Reserved.
    ** Copyright 2022-2023 Advanced Micro Devices, Inc. All Rights Reserved.

source run_ippack.tcl -notrace
ipx::create_core: Time (s): cpu = 00:00:05 ; elapsed = 00:00:06 . Memory (MB): peak = 481.043 ; gain = 178.938
INFO: [IP_Flow 19-234] Refreshing IP repositories
INFO: [IP_Flow 19-1704] No user IP repositories specified
INFO: [IP_Flow 19-2313] Loaded Vivado IP repository 'D:/Xilinx/Vivado/2023.2/data/ip'.
INFO: [Common 17-206] Exiting Vivado at Wed Apr 24 16:06:04 2024...
INFO: [HLS 200-802] Generated output file Encoder/vivado_ip/export.zip
INFO: [HLS 200-111] Finished Command export_design CPU user time: 0 seconds. CPU system time: 0 seconds. Elapsed time: 12.292 seconds; current allocated memory: 6.207 MB.
INFO: [HLS 200-112] Total CPU user time: 1 seconds. Total CPU system time: 1 seconds. Total elapsed time: 14.133 seconds; peak allocated memory: 140.090 MB.
