
*** Running vivado
    with args -log Eliminator.vdi -applog -m64 -product Vivado -messageDb vivado.pb -mode batch -source Eliminator.tcl -notrace


ECHO 处于关闭状态。
ECHO 处于关闭状态。

****** Vivado v2023.2 (64-bit)
  **** SW Build 4029153 on Fri Oct 13 20:14:34 MDT 2023
  **** IP Build 4028589 on Sat Oct 14 00:45:43 MDT 2023
  **** SharedData Build 4025554 on Tue Oct 10 17:18:54 MDT 2023
    ** Copyright 1986-2022 Xilinx, Inc. All Rights Reserved.
    ** Copyright 2022-2023 Advanced Micro Devices, Inc. All Rights Reserved.

source Eliminator.tcl -notrace
Command: open_checkpoint D:/work_directory/TDC/Eliminator/Eliminator/Eliminator.runs/impl_1/Eliminator.dcp
INFO: [Device 21-403] Loading part xck26-sfvc784-2LV-c
Netlist sorting complete. Time (s): cpu = 00:00:00 ; elapsed = 00:00:00.001 . Memory (MB): peak = 1492.434 ; gain = 0.000
INFO: [Netlist 29-17] Analyzing 36 Unisim elements for replacement
INFO: [Netlist 29-28] Unisim Transformation completed in 0 CPU seconds
INFO: [Project 1-479] Netlist was created with Vivado 2023.2
INFO: [Project 1-570] Preparing netlist for logic optimization
Read ShapeDB Complete: Time (s): cpu = 00:00:00 ; elapsed = 00:00:00.004 . Memory (MB): peak = 1523.883 ; gain = 0.000
Netlist sorting complete. Time (s): cpu = 00:00:00 ; elapsed = 00:00:00 . Memory (MB): peak = 1547.906 ; gain = 0.000
INFO: [Project 1-111] Unisim Transformation Summary:
  A total of 36 instances were transformed.
  IBUF => IBUF (IBUFCTRL, INBUF): 36 instances

系统找不到指定的路径。
INFO: [Project 1-604] Checkpoint was created with Vivado v2023.2 (64-bit) build 4029153
open_checkpoint: Time (s): cpu = 00:00:16 ; elapsed = 00:00:18 . Memory (MB): peak = 1547.906 ; gain = 1253.246
Command: opt_design
Attempting to get a license for feature 'Implementation' and/or device 'xck26'
INFO: [Common 17-349] Got license for feature 'Implementation' and/or device 'xck26'
Running DRC as a precondition to command opt_design

Starting DRC Task
INFO: [DRC 23-27] Running DRC with 2 threads
INFO: [Project 1-461] DRC finished with 0 Errors
INFO: [Project 1-462] Please refer to the DRC report (report_drc) for more information.

Time (s): cpu = 00:00:03 ; elapsed = 00:00:02 . Memory (MB): peak = 1582.898 ; gain = 34.008

Starting Cache Timing Information Task
INFO: [Timing 38-35] Done setting XDC timing constraints.
Ending Cache Timing Information Task | Checksum: aa138d1e

Time (s): cpu = 00:00:03 ; elapsed = 00:00:03 . Memory (MB): peak = 1868.895 ; gain = 285.996

Starting Logic Optimization Task

Phase 1 Initialization

Phase 1.1 Core Generation And Design Setup
Phase 1.1 Core Generation And Design Setup | Checksum: aa138d1e

Time (s): cpu = 00:00:00 ; elapsed = 00:00:00.003 . Memory (MB): peak = 2240.953 ; gain = 0.000

Phase 1.2 Setup Constraints And Sort Netlist
Phase 1.2 Setup Constraints And Sort Netlist | Checksum: aa138d1e

Time (s): cpu = 00:00:00 ; elapsed = 00:00:00.005 . Memory (MB): peak = 2240.953 ; gain = 0.000
Phase 1 Initialization | Checksum: aa138d1e

Time (s): cpu = 00:00:00 ; elapsed = 00:00:00.006 . Memory (MB): peak = 2240.953 ; gain = 0.000

Phase 2 Timer Update And Timing Data Collection

Phase 2.1 Timer Update
Phase 2.1 Timer Update | Checksum: aa138d1e

Time (s): cpu = 00:00:00 ; elapsed = 00:00:00.025 . Memory (MB): peak = 2240.953 ; gain = 0.000

Phase 2.2 Timing Data Collection
Phase 2.2 Timing Data Collection | Checksum: aa138d1e

Time (s): cpu = 00:00:00 ; elapsed = 00:00:00.042 . Memory (MB): peak = 2240.953 ; gain = 0.000
Phase 2 Timer Update And Timing Data Collection | Checksum: aa138d1e

Time (s): cpu = 00:00:00 ; elapsed = 00:00:00.042 . Memory (MB): peak = 2240.953 ; gain = 0.000

Phase 3 Retarget
INFO: [Opt 31-138] Pushed 0 inverter(s) to 0 load pin(s).
INFO: [Opt 31-49] Retargeted 0 cell(s).
Phase 3 Retarget | Checksum: aa138d1e

Time (s): cpu = 00:00:00 ; elapsed = 00:00:00.131 . Memory (MB): peak = 2240.953 ; gain = 0.000
Retarget | Checksum: aa138d1e
INFO: [Opt 31-389] Phase Retarget created 0 cells and removed 0 cells

Phase 4 Constant propagation
INFO: [Opt 31-138] Pushed 0 inverter(s) to 0 load pin(s).
Phase 4 Constant propagation | Checksum: aa138d1e

Time (s): cpu = 00:00:00 ; elapsed = 00:00:00.138 . Memory (MB): peak = 2240.953 ; gain = 0.000
Constant propagation | Checksum: aa138d1e
INFO: [Opt 31-389] Phase Constant propagation created 0 cells and removed 0 cells

Phase 5 Sweep
Phase 5 Sweep | Checksum: aa138d1e

Time (s): cpu = 00:00:00 ; elapsed = 00:00:00.151 . Memory (MB): peak = 2240.953 ; gain = 0.000
Sweep | Checksum: aa138d1e
INFO: [Opt 31-389] Phase Sweep created 0 cells and removed 0 cells

Phase 6 BUFG optimization
INFO: [Opt 31-1077] Phase BUFG optimization inserted 0 global clock buffer(s) for CLOCK_LOW_FANOUT.
Phase 6 BUFG optimization | Checksum: aa138d1e

Time (s): cpu = 00:00:00 ; elapsed = 00:00:00.233 . Memory (MB): peak = 2240.953 ; gain = 0.000
BUFG optimization | Checksum: aa138d1e
INFO: [Opt 31-662] Phase BUFG optimization created 0 cells of which 0 are BUFGs and removed 0 cells.

Phase 7 Shift Register Optimization
INFO: [Opt 31-1064] SRL Remap converted 0 SRLs to 0 registers and converted 0 registers of register chains to 0 SRLs
Phase 7 Shift Register Optimization | Checksum: aa138d1e

Time (s): cpu = 00:00:00 ; elapsed = 00:00:00.237 . Memory (MB): peak = 2240.953 ; gain = 0.000
Shift Register Optimization | Checksum: aa138d1e
INFO: [Opt 31-389] Phase Shift Register Optimization created 0 cells and removed 0 cells

Phase 8 Post Processing Netlist
Phase 8 Post Processing Netlist | Checksum: aa138d1e

Time (s): cpu = 00:00:00 ; elapsed = 00:00:00.240 . Memory (MB): peak = 2240.953 ; gain = 0.000
Post Processing Netlist | Checksum: aa138d1e
INFO: [Opt 31-389] Phase Post Processing Netlist created 0 cells and removed 0 cells

Phase 9 Finalization

Phase 9.1 Finalizing Design Cores and Updating Shapes
Phase 9.1 Finalizing Design Cores and Updating Shapes | Checksum: aa138d1e

Time (s): cpu = 00:00:00 ; elapsed = 00:00:00.242 . Memory (MB): peak = 2240.953 ; gain = 0.000

Phase 9.2 Verifying Netlist Connectivity

Starting Connectivity Check Task

Time (s): cpu = 00:00:00 ; elapsed = 00:00:00.001 . Memory (MB): peak = 2240.953 ; gain = 0.000
Phase 9.2 Verifying Netlist Connectivity | Checksum: aa138d1e

Time (s): cpu = 00:00:00 ; elapsed = 00:00:00.244 . Memory (MB): peak = 2240.953 ; gain = 0.000
Phase 9 Finalization | Checksum: aa138d1e

Time (s): cpu = 00:00:00 ; elapsed = 00:00:00.244 . Memory (MB): peak = 2240.953 ; gain = 0.000
Opt_design Change Summary
=========================


-------------------------------------------------------------------------------------------------------------------------
|  Phase                        |  #Cells created  |  #Cells Removed  |  #Constrained objects preventing optimizations  |
-------------------------------------------------------------------------------------------------------------------------
|  Retarget                     |               0  |               0  |                                              0  |
|  Constant propagation         |               0  |               0  |                                              0  |
|  Sweep                        |               0  |               0  |                                              0  |
|  BUFG optimization            |               0  |               0  |                                              0  |
|  Shift Register Optimization  |               0  |               0  |                                              0  |
|  Post Processing Netlist      |               0  |               0  |                                              0  |
-------------------------------------------------------------------------------------------------------------------------


Ending Logic Optimization Task | Checksum: aa138d1e

Time (s): cpu = 00:00:00 ; elapsed = 00:00:00.247 . Memory (MB): peak = 2240.953 ; gain = 0.000
INFO: [Constraints 18-11670] Building netlist checker database with flags, 0x8
Done building netlist checker database: Time (s): cpu = 00:00:00 ; elapsed = 00:00:00 . Memory (MB): peak = 2240.953 ; gain = 0.000

Starting Power Optimization Task
INFO: [Pwropt 34-132] Skipping clock gating for clocks with a period < 2.00 ns.
Ending Power Optimization Task | Checksum: aa138d1e

Time (s): cpu = 00:00:00 ; elapsed = 00:00:00.015 . Memory (MB): peak = 2240.953 ; gain = 0.000

Starting Final Cleanup Task
Ending Final Cleanup Task | Checksum: aa138d1e

Time (s): cpu = 00:00:00 ; elapsed = 00:00:00 . Memory (MB): peak = 2240.953 ; gain = 0.000

Starting Netlist Obfuscation Task
Netlist sorting complete. Time (s): cpu = 00:00:00 ; elapsed = 00:00:00 . Memory (MB): peak = 2240.953 ; gain = 0.000
Ending Netlist Obfuscation Task | Checksum: aa138d1e

Time (s): cpu = 00:00:00 ; elapsed = 00:00:00.001 . Memory (MB): peak = 2240.953 ; gain = 0.000
INFO: [Common 17-83] Releasing license: Implementation
26 Infos, 0 Warnings, 0 Critical Warnings and 0 Errors encountered.
opt_design completed successfully
opt_design: Time (s): cpu = 00:00:10 ; elapsed = 00:00:09 . Memory (MB): peak = 2240.953 ; gain = 693.047
INFO: [runtcl-4] Executing : report_drc -file Eliminator_drc_opted.rpt -pb Eliminator_drc_opted.pb -rpx Eliminator_drc_opted.rpx
Command: report_drc -file Eliminator_drc_opted.rpt -pb Eliminator_drc_opted.pb -rpx Eliminator_drc_opted.rpx
INFO: [IP_Flow 19-234] Refreshing IP repositories
INFO: [IP_Flow 19-1704] No user IP repositories specified
INFO: [IP_Flow 19-2313] Loaded Vivado IP repository 'D:/Xilinx/Vivado/2023.2/data/ip'.
INFO: [Timing 38-35] Done setting XDC timing constraints.
INFO: [DRC 23-27] Running DRC with 2 threads
INFO: [Vivado_Tcl 2-168] The results of DRC are in file D:/work_directory/TDC/Eliminator/Eliminator/Eliminator.runs/impl_1/Eliminator_drc_opted.rpt.
report_drc completed successfully
report_drc: Time (s): cpu = 00:00:38 ; elapsed = 00:00:38 . Memory (MB): peak = 3876.617 ; gain = 1635.664
Write ShapeDB Complete: Time (s): cpu = 00:00:00 ; elapsed = 00:00:00.005 . Memory (MB): peak = 3876.617 ; gain = 0.000
INFO: [Common 17-1381] The checkpoint 'D:/work_directory/TDC/Eliminator/Eliminator/Eliminator.runs/impl_1/Eliminator_opt.dcp' has been generated.
Command: place_design
Attempting to get a license for feature 'Implementation' and/or device 'xck26'
INFO: [Common 17-349] Got license for feature 'Implementation' and/or device 'xck26'
INFO: [Common 17-83] Releasing license: Implementation
INFO: [DRC 23-27] Running DRC with 2 threads
INFO: [Vivado_Tcl 4-198] DRC finished with 0 Errors
INFO: [Vivado_Tcl 4-199] Please refer to the DRC report (report_drc) for more information.
Running DRC as a precondition to command place_design
INFO: [DRC 23-27] Running DRC with 2 threads
INFO: [Vivado_Tcl 4-198] DRC finished with 0 Errors
INFO: [Vivado_Tcl 4-199] Please refer to the DRC report (report_drc) for more information.
INFO: [Place 30-611] Multithreading enabled for place_design using a maximum of 2 CPUs

Starting Placer Task

Phase 1 Placer Initialization

Phase 1.1 Placer Initialization Netlist Sorting
Netlist sorting complete. Time (s): cpu = 00:00:00 ; elapsed = 00:00:00 . Memory (MB): peak = 3876.617 ; gain = 0.000
Phase 1.1 Placer Initialization Netlist Sorting | Checksum: 66fd476b

Time (s): cpu = 00:00:00 ; elapsed = 00:00:00.004 . Memory (MB): peak = 3876.617 ; gain = 0.000
Netlist sorting complete. Time (s): cpu = 00:00:00 ; elapsed = 00:00:00 . Memory (MB): peak = 3876.617 ; gain = 0.000

Phase 1.2 IO Placement/ Clock Placement/ Build Placer Device
Phase 1.2 IO Placement/ Clock Placement/ Build Placer Device | Checksum: 96b73289

Time (s): cpu = 00:00:01 ; elapsed = 00:00:00.663 . Memory (MB): peak = 3876.617 ; gain = 0.000

Phase 1.3 Build Placer Netlist Model
Phase 1.3 Build Placer Netlist Model | Checksum: 189e152f1

Time (s): cpu = 00:00:01 ; elapsed = 00:00:00.884 . Memory (MB): peak = 3876.617 ; gain = 0.000

Phase 1.4 Constrain Clocks/Macros
Phase 1.4 Constrain Clocks/Macros | Checksum: 189e152f1

Time (s): cpu = 00:00:01 ; elapsed = 00:00:00.886 . Memory (MB): peak = 3876.617 ; gain = 0.000
Phase 1 Placer Initialization | Checksum: 189e152f1

Time (s): cpu = 00:00:01 ; elapsed = 00:00:00.895 . Memory (MB): peak = 3876.617 ; gain = 0.000

Phase 2 Global Placement

Phase 2.1 Floorplanning

Phase 2.1.1 Partition Driven Placement

Phase 2.1.1.1 PBP: Partition Driven Placement
Phase 2.1.1.1 PBP: Partition Driven Placement | Checksum: 189e152f1

Time (s): cpu = 00:00:01 ; elapsed = 00:00:00.971 . Memory (MB): peak = 3876.617 ; gain = 0.000

Phase 2.1.1.2 PBP: Clock Region Placement
INFO: [Place 30-3162] Check ILP status : ILP-based clock placer completed successfully.
Phase 2.1.1.2 PBP: Clock Region Placement | Checksum: 189e152f1

Time (s): cpu = 00:00:01 ; elapsed = 00:00:01 . Memory (MB): peak = 3876.617 ; gain = 0.000

Phase 2.1.1.3 PBP: Compute Congestion
Phase 2.1.1.3 PBP: Compute Congestion | Checksum: 189e152f1

Time (s): cpu = 00:00:16 ; elapsed = 00:00:09 . Memory (MB): peak = 3876.617 ; gain = 0.000

Phase 2.1.1.4 PBP: Add part constraints
Phase 2.1.1.4 PBP: Add part constraints | Checksum: 189e152f1

Time (s): cpu = 00:00:16 ; elapsed = 00:00:09 . Memory (MB): peak = 3876.617 ; gain = 0.000
Phase 2.1.1 Partition Driven Placement | Checksum: 189e152f1

Time (s): cpu = 00:00:16 ; elapsed = 00:00:09 . Memory (MB): peak = 3876.617 ; gain = 0.000
Phase 2.1 Floorplanning | Checksum: 189e152f1

Time (s): cpu = 00:00:16 ; elapsed = 00:00:09 . Memory (MB): peak = 3876.617 ; gain = 0.000

Phase 2.2 Update Timing before SLR Path Opt
Phase 2.2 Update Timing before SLR Path Opt | Checksum: 189e152f1

Time (s): cpu = 00:00:16 ; elapsed = 00:00:09 . Memory (MB): peak = 3876.617 ; gain = 0.000

Phase 2.3 Post-Processing in Floorplanning
Phase 2.3 Post-Processing in Floorplanning | Checksum: 189e152f1

Time (s): cpu = 00:00:16 ; elapsed = 00:00:09 . Memory (MB): peak = 3876.617 ; gain = 0.000

Phase 2.4 Global Placement Core
WARNING: [Place 46-29] Timing had been disabled during Placer and, therefore, physical synthesis in Placer will be skipped.
Phase 2.4 Global Placement Core | Checksum: c6e69caf

Time (s): cpu = 00:01:24 ; elapsed = 00:00:44 . Memory (MB): peak = 3876.617 ; gain = 0.000
Phase 2 Global Placement | Checksum: c6e69caf

Time (s): cpu = 00:01:24 ; elapsed = 00:00:44 . Memory (MB): peak = 3876.617 ; gain = 0.000

Phase 3 Detail Placement

Phase 3.1 Commit Multi Column Macros
Phase 3.1 Commit Multi Column Macros | Checksum: c6e69caf

Time (s): cpu = 00:01:37 ; elapsed = 00:00:50 . Memory (MB): peak = 3876.617 ; gain = 0.000

Phase 3.2 Commit Most Macros & LUTRAMs
Phase 3.2 Commit Most Macros & LUTRAMs | Checksum: c6e69caf

Time (s): cpu = 00:01:37 ; elapsed = 00:00:50 . Memory (MB): peak = 3876.617 ; gain = 0.000

Phase 3.3 Small Shape DP

Phase 3.3.1 Small Shape Clustering
Phase 3.3.1 Small Shape Clustering | Checksum: e4397751

Time (s): cpu = 00:02:02 ; elapsed = 00:01:04 . Memory (MB): peak = 3876.617 ; gain = 0.000

Phase 3.3.2 Slice Area Swap

Phase 3.3.2.1 Slice Area Swap Initial
Phase 3.3.2.1 Slice Area Swap Initial | Checksum: 1640e4fe7

Time (s): cpu = 00:02:16 ; elapsed = 00:01:11 . Memory (MB): peak = 3876.617 ; gain = 0.000
Phase 3.3.2 Slice Area Swap | Checksum: 1640e4fe7

Time (s): cpu = 00:02:16 ; elapsed = 00:01:11 . Memory (MB): peak = 3876.617 ; gain = 0.000
Phase 3.3 Small Shape DP | Checksum: f35ce7a6

Time (s): cpu = 00:02:43 ; elapsed = 00:01:25 . Memory (MB): peak = 3876.617 ; gain = 0.000

Phase 3.4 Re-assign LUT pins
Phase 3.4 Re-assign LUT pins | Checksum: f35ce7a6

Time (s): cpu = 00:02:43 ; elapsed = 00:01:25 . Memory (MB): peak = 3876.617 ; gain = 0.000

Phase 3.5 Pipeline Register Optimization
Phase 3.5 Pipeline Register Optimization | Checksum: f35ce7a6

Time (s): cpu = 00:02:43 ; elapsed = 00:01:25 . Memory (MB): peak = 3876.617 ; gain = 0.000
Phase 3 Detail Placement | Checksum: f35ce7a6

Time (s): cpu = 00:02:43 ; elapsed = 00:01:25 . Memory (MB): peak = 3876.617 ; gain = 0.000

Phase 4 Post Placement Optimization and Clean-Up

Phase 4.1 Post Commit Optimization
Phase 4.1 Post Commit Optimization | Checksum: f35ce7a6

Time (s): cpu = 00:02:56 ; elapsed = 00:01:32 . Memory (MB): peak = 3876.617 ; gain = 0.000
Netlist sorting complete. Time (s): cpu = 00:00:00 ; elapsed = 00:00:00.001 . Memory (MB): peak = 3876.617 ; gain = 0.000

Phase 4.2 Post Placement Cleanup
Phase 4.2 Post Placement Cleanup | Checksum: 1399b808d

Time (s): cpu = 00:03:15 ; elapsed = 00:01:43 . Memory (MB): peak = 3876.617 ; gain = 0.000

Phase 4.3 Placer Reporting

Phase 4.3.1 Print Estimated Congestion
INFO: [Place 30-612] Post-Placement Estimated Congestion 
 ________________________________________________________________________
|           | Global Congestion | Long Congestion   | Short Congestion  |
| Direction | Region Size       | Region Size       | Region Size       |
|___________|___________________|___________________|___________________|
|      North|                1x1|                1x1|                1x1|
|___________|___________________|___________________|___________________|
|      South|                1x1|                1x1|                1x1|
|___________|___________________|___________________|___________________|
|       East|                1x1|                1x1|                1x1|
|___________|___________________|___________________|___________________|
|       West|                1x1|                1x1|                1x1|
|___________|___________________|___________________|___________________|

Phase 4.3.1 Print Estimated Congestion | Checksum: 1399b808d

Time (s): cpu = 00:03:15 ; elapsed = 00:01:43 . Memory (MB): peak = 3876.617 ; gain = 0.000
Phase 4.3 Placer Reporting | Checksum: 1399b808d

Time (s): cpu = 00:03:15 ; elapsed = 00:01:43 . Memory (MB): peak = 3876.617 ; gain = 0.000

Phase 4.4 Final Placement Cleanup
Netlist sorting complete. Time (s): cpu = 00:00:00 ; elapsed = 00:00:00 . Memory (MB): peak = 3876.617 ; gain = 0.000

Time (s): cpu = 00:03:15 ; elapsed = 00:01:43 . Memory (MB): peak = 3876.617 ; gain = 0.000
Phase 4 Post Placement Optimization and Clean-Up | Checksum: 1c3039727

Time (s): cpu = 00:03:15 ; elapsed = 00:01:43 . Memory (MB): peak = 3876.617 ; gain = 0.000
Ending Placer Task | Checksum: 1ac322143

Time (s): cpu = 00:03:15 ; elapsed = 00:01:43 . Memory (MB): peak = 3876.617 ; gain = 0.000
45 Infos, 1 Warnings, 0 Critical Warnings and 0 Errors encountered.
place_design completed successfully
place_design: Time (s): cpu = 00:03:19 ; elapsed = 00:01:46 . Memory (MB): peak = 3876.617 ; gain = 0.000
INFO: [runtcl-4] Executing : report_io -file Eliminator_io_placed.rpt
report_io: Time (s): cpu = 00:00:00 ; elapsed = 00:00:00.185 . Memory (MB): peak = 3876.617 ; gain = 0.000
INFO: [runtcl-4] Executing : report_utilization -file Eliminator_utilization_placed.rpt -pb Eliminator_utilization_placed.pb
INFO: [runtcl-4] Executing : report_control_sets -verbose -file Eliminator_control_sets_placed.rpt
report_control_sets: Time (s): cpu = 00:00:00 ; elapsed = 00:00:00.003 . Memory (MB): peak = 3876.617 ; gain = 0.000
Write ShapeDB Complete: Time (s): cpu = 00:00:00 ; elapsed = 00:00:00.006 . Memory (MB): peak = 3876.617 ; gain = 0.000
Wrote PlaceDB: Time (s): cpu = 00:00:00 ; elapsed = 00:00:00.019 . Memory (MB): peak = 3876.617 ; gain = 0.000
Wrote PulsedLatchDB: Time (s): cpu = 00:00:00 ; elapsed = 00:00:00 . Memory (MB): peak = 3876.617 ; gain = 0.000
Writing XDEF routing.
Writing XDEF routing logical nets.
Writing XDEF routing special nets.
Wrote RouteStorage: Time (s): cpu = 00:00:00 ; elapsed = 00:00:00.159 . Memory (MB): peak = 3876.617 ; gain = 0.000
Wrote Netlist Cache: Time (s): cpu = 00:00:00 ; elapsed = 00:00:00.001 . Memory (MB): peak = 3876.617 ; gain = 0.000
Wrote Device Cache: Time (s): cpu = 00:00:01 ; elapsed = 00:00:00.070 . Memory (MB): peak = 3876.617 ; gain = 0.000
Write Physdb Complete: Time (s): cpu = 00:00:01 ; elapsed = 00:00:00.275 . Memory (MB): peak = 3876.617 ; gain = 0.000
INFO: [Common 17-1381] The checkpoint 'D:/work_directory/TDC/Eliminator/Eliminator/Eliminator.runs/impl_1/Eliminator_placed.dcp' has been generated.
Command: phys_opt_design
Attempting to get a license for feature 'Implementation' and/or device 'xck26'
INFO: [Common 17-349] Got license for feature 'Implementation' and/or device 'xck26'

Starting Initial Update Timing Task

Time (s): cpu = 00:00:00 ; elapsed = 00:00:00.016 . Memory (MB): peak = 3876.617 ; gain = 0.000
INFO: [Vivado_Tcl 4-235] No timing constraint found. The netlist was not modified.
INFO: [Common 17-83] Releasing license: Implementation
52 Infos, 1 Warnings, 0 Critical Warnings and 0 Errors encountered.
phys_opt_design completed successfully
Write ShapeDB Complete: Time (s): cpu = 00:00:00 ; elapsed = 00:00:00.004 . Memory (MB): peak = 3876.617 ; gain = 0.000
Wrote PlaceDB: Time (s): cpu = 00:00:00 ; elapsed = 00:00:00.009 . Memory (MB): peak = 3876.617 ; gain = 0.000
Wrote PulsedLatchDB: Time (s): cpu = 00:00:00 ; elapsed = 00:00:00 . Memory (MB): peak = 3876.617 ; gain = 0.000
Writing XDEF routing.
Writing XDEF routing logical nets.
Writing XDEF routing special nets.
Wrote RouteStorage: Time (s): cpu = 00:00:00 ; elapsed = 00:00:00.085 . Memory (MB): peak = 3876.617 ; gain = 0.000
Wrote Netlist Cache: Time (s): cpu = 00:00:00 ; elapsed = 00:00:00.001 . Memory (MB): peak = 3876.617 ; gain = 0.000
Wrote Device Cache: Time (s): cpu = 00:00:00 ; elapsed = 00:00:00.068 . Memory (MB): peak = 3876.617 ; gain = 0.000
Write Physdb Complete: Time (s): cpu = 00:00:00 ; elapsed = 00:00:00.190 . Memory (MB): peak = 3876.617 ; gain = 0.000
INFO: [Common 17-1381] The checkpoint 'D:/work_directory/TDC/Eliminator/Eliminator/Eliminator.runs/impl_1/Eliminator_physopt.dcp' has been generated.
Command: route_design
Attempting to get a license for feature 'Implementation' and/or device 'xck26'
INFO: [Common 17-349] Got license for feature 'Implementation' and/or device 'xck26'
Running DRC as a precondition to command route_design
INFO: [DRC 23-27] Running DRC with 2 threads
INFO: [Vivado_Tcl 4-198] DRC finished with 0 Errors
INFO: [Vivado_Tcl 4-199] Please refer to the DRC report (report_drc) for more information.


Starting Routing Task
INFO: [Route 35-254] Multithreading enabled for route_design using a maximum of 8 CPUs

Phase 1 Build RT Design
Checksum: PlaceDB: 9f5743b3 ConstDB: 0 ShapeSum: c69c44a9 RouteDB: 463e98e7
Nodegraph reading from file.  Time (s): cpu = 00:00:01 ; elapsed = 00:00:01 . Memory (MB): peak = 3876.617 ; gain = 0.000
Post Restoration Checksum: NetGraph: 63c40aea | NumContArr: 9c65c52e | Constraints: 3d7c8a64 | Timing: c2a8fa9d
Phase 1 Build RT Design | Checksum: 2004f5519

Time (s): cpu = 00:00:05 ; elapsed = 00:00:05 . Memory (MB): peak = 3876.617 ; gain = 0.000

Phase 2 Router Initialization
INFO: [Route 35-64] No timing constraints were detected. The router will operate in resource-optimization mode.

Phase 2.1 Fix Topology Constraints
Phase 2.1 Fix Topology Constraints | Checksum: 2004f5519

Time (s): cpu = 00:00:05 ; elapsed = 00:00:05 . Memory (MB): peak = 3876.617 ; gain = 0.000

Phase 2.2 Pre Route Cleanup
Phase 2.2 Pre Route Cleanup | Checksum: 2004f5519

Time (s): cpu = 00:00:05 ; elapsed = 00:00:05 . Memory (MB): peak = 3876.617 ; gain = 0.000

Phase 2.3 Global Clock Net Routing
 Number of Nodes with overlaps = 0
Phase 2.3 Global Clock Net Routing | Checksum: 253860644

Time (s): cpu = 00:00:06 ; elapsed = 00:00:05 . Memory (MB): peak = 3876.617 ; gain = 0.000

Router Utilization Summary
  Global Vertical Routing Utilization    = 0 %
  Global Horizontal Routing Utilization  = 0 %
  Routable Net Status*
  *Does not include unroutable nets such as driverless and loadless.
  Run report_route_status for detailed report.
  Number of Failed Nets               = 96
    (Failed Nets is the sum of unrouted and partially routed nets)
  Number of Unrouted Nets             = 85
  Number of Partially Routed Nets     = 11
  Number of Node Overlaps             = 0

Phase 2 Router Initialization | Checksum: 22cd9d00a

Time (s): cpu = 00:00:08 ; elapsed = 00:00:06 . Memory (MB): peak = 3876.617 ; gain = 0.000

Phase 3 Initial Routing

Phase 3.1 Global Routing
Phase 3.1 Global Routing | Checksum: 22cd9d00a

Time (s): cpu = 00:00:08 ; elapsed = 00:00:06 . Memory (MB): peak = 3876.617 ; gain = 0.000

Phase 3.2 Initial Net Routing
Phase 3.2 Initial Net Routing | Checksum: 212f775a4

Time (s): cpu = 00:00:09 ; elapsed = 00:00:06 . Memory (MB): peak = 3876.617 ; gain = 0.000
Phase 3 Initial Routing | Checksum: 212f775a4

Time (s): cpu = 00:00:09 ; elapsed = 00:00:06 . Memory (MB): peak = 3876.617 ; gain = 0.000

Phase 4 Rip-up And Reroute

Phase 4.1 Global Iteration 0
 Number of Nodes with overlaps = 5
 Number of Nodes with overlaps = 0
Phase 4.1 Global Iteration 0 | Checksum: 1f6bde17a

Time (s): cpu = 00:00:09 ; elapsed = 00:00:07 . Memory (MB): peak = 3876.617 ; gain = 0.000
Phase 4 Rip-up And Reroute | Checksum: 1f6bde17a

Time (s): cpu = 00:00:09 ; elapsed = 00:00:07 . Memory (MB): peak = 3876.617 ; gain = 0.000

Phase 5 Delay and Skew Optimization
Phase 5 Delay and Skew Optimization | Checksum: 1f6bde17a

Time (s): cpu = 00:00:09 ; elapsed = 00:00:07 . Memory (MB): peak = 3876.617 ; gain = 0.000

Phase 6 Post Hold Fix

Phase 6.1 Hold Fix Iter
Phase 6.1 Hold Fix Iter | Checksum: 1f6bde17a

Time (s): cpu = 00:00:09 ; elapsed = 00:00:07 . Memory (MB): peak = 3876.617 ; gain = 0.000
Phase 6 Post Hold Fix | Checksum: 1f6bde17a

Time (s): cpu = 00:00:09 ; elapsed = 00:00:07 . Memory (MB): peak = 3876.617 ; gain = 0.000

Phase 7 Route finalize

Router Utilization Summary
  Global Vertical Routing Utilization    = 0.0353495 %
  Global Horizontal Routing Utilization  = 0.00217112 %
  Routable Net Status*
  *Does not include unroutable nets such as driverless and loadless.
  Run report_route_status for detailed report.
  Number of Failed Nets               = 0
    (Failed Nets is the sum of unrouted and partially routed nets)
  Number of Unrouted Nets             = 0
  Number of Partially Routed Nets     = 0
  Number of Node Overlaps             = 0


--GLOBAL Congestion:
Utilization threshold used for congestion level computation: 0.85
Congestion Report
North Dir 1x1 Area, Max Cong = 26.7606%, No Congested Regions.
South Dir 1x1 Area, Max Cong = 7.58294%, No Congested Regions.
East Dir 1x1 Area, Max Cong = 6.73077%, No Congested Regions.
West Dir 1x1 Area, Max Cong = 2.38095%, No Congested Regions.

------------------------------
Reporting congestion hotspots
------------------------------
Direction: North
----------------
Congested clusters found at Level 0
Effective congestion level: 0 Aspect Ratio: 1 Sparse Ratio: 0
Direction: South
----------------
Congested clusters found at Level 0
Effective congestion level: 0 Aspect Ratio: 1 Sparse Ratio: 0
Direction: East
----------------
Congested clusters found at Level 0
Effective congestion level: 0 Aspect Ratio: 1 Sparse Ratio: 0
Direction: West
----------------
Congested clusters found at Level 0
Effective congestion level: 0 Aspect Ratio: 1 Sparse Ratio: 0

Phase 7 Route finalize | Checksum: 1f6bde17a

Time (s): cpu = 00:00:10 ; elapsed = 00:00:07 . Memory (MB): peak = 3876.617 ; gain = 0.000

Phase 8 Verifying routed nets

 Verification completed successfully
Phase 8 Verifying routed nets | Checksum: 1f6bde17a

Time (s): cpu = 00:00:10 ; elapsed = 00:00:07 . Memory (MB): peak = 3876.617 ; gain = 0.000

Phase 9 Depositing Routes
Phase 9 Depositing Routes | Checksum: 1f6bde17a

Time (s): cpu = 00:00:10 ; elapsed = 00:00:07 . Memory (MB): peak = 3876.617 ; gain = 0.000

Phase 10 Resolve XTalk
Phase 10 Resolve XTalk | Checksum: 1f6bde17a

Time (s): cpu = 00:00:10 ; elapsed = 00:00:07 . Memory (MB): peak = 3876.617 ; gain = 0.000
Time taken to check if laguna hold fix is required (in secs): 0
Skip PhysOpt in Router because non-negative WNS value: 1e+30 .
INFO: [Route 35-16] Router Completed Successfully

Phase 11 Post-Route Event Processing
Phase 11 Post-Route Event Processing | Checksum: 19800607f

Time (s): cpu = 00:00:12 ; elapsed = 00:00:09 . Memory (MB): peak = 3876.617 ; gain = 0.000
Ending Routing Task | Checksum: 19800607f

Time (s): cpu = 00:00:12 ; elapsed = 00:00:09 . Memory (MB): peak = 3876.617 ; gain = 0.000

Routing Is Done.
INFO: [Common 17-83] Releasing license: Implementation
61 Infos, 1 Warnings, 0 Critical Warnings and 0 Errors encountered.
route_design completed successfully
route_design: Time (s): cpu = 00:00:22 ; elapsed = 00:00:18 . Memory (MB): peak = 3876.617 ; gain = 0.000
INFO: [runtcl-4] Executing : report_drc -file Eliminator_drc_routed.rpt -pb Eliminator_drc_routed.pb -rpx Eliminator_drc_routed.rpx
Command: report_drc -file Eliminator_drc_routed.rpt -pb Eliminator_drc_routed.pb -rpx Eliminator_drc_routed.rpx
INFO: [IP_Flow 19-1839] IP Catalog is up to date.
INFO: [DRC 23-27] Running DRC with 2 threads
INFO: [Vivado_Tcl 2-168] The results of DRC are in file D:/work_directory/TDC/Eliminator/Eliminator/Eliminator.runs/impl_1/Eliminator_drc_routed.rpt.
report_drc completed successfully
INFO: [runtcl-4] Executing : report_methodology -file Eliminator_methodology_drc_routed.rpt -pb Eliminator_methodology_drc_routed.pb -rpx Eliminator_methodology_drc_routed.rpx
Command: report_methodology -file Eliminator_methodology_drc_routed.rpt -pb Eliminator_methodology_drc_routed.pb -rpx Eliminator_methodology_drc_routed.rpx
INFO: [Timing 38-35] Done setting XDC timing constraints.
INFO: [DRC 23-133] Running Methodology with 2 threads
INFO: [Vivado_Tcl 2-1520] The results of Report Methodology are in file D:/work_directory/TDC/Eliminator/Eliminator/Eliminator.runs/impl_1/Eliminator_methodology_drc_routed.rpt.
report_methodology completed successfully
INFO: [runtcl-4] Executing : report_power -file Eliminator_power_routed.rpt -pb Eliminator_power_summary_routed.pb -rpx Eliminator_power_routed.rpx
Command: report_power -file Eliminator_power_routed.rpt -pb Eliminator_power_summary_routed.pb -rpx Eliminator_power_routed.rpx
INFO: [Timing 38-35] Done setting XDC timing constraints.
WARNING: [Power 33-232] No user defined clocks were found in the design! Power estimation will be inaccurate until this is corrected.
Resolution: Please specify clocks using create_clock/create_generated_clock for sequential elements. For pure combinatorial circuits, please specify a virtual clock, otherwise the vectorless estimation might be inaccurate
Running Vector-less Activity Propagation...

Finished Running Vector-less Activity Propagation
71 Infos, 2 Warnings, 0 Critical Warnings and 0 Errors encountered.
report_power completed successfully
report_power: Time (s): cpu = 00:00:08 ; elapsed = 00:00:07 . Memory (MB): peak = 3876.617 ; gain = 0.000
INFO: [runtcl-4] Executing : report_route_status -file Eliminator_route_status.rpt -pb Eliminator_route_status.pb
INFO: [runtcl-4] Executing : report_timing_summary -max_paths 10 -report_unconstrained -file Eliminator_timing_summary_routed.rpt -pb Eliminator_timing_summary_routed.pb -rpx Eliminator_timing_summary_routed.rpx -warn_on_violation 
INFO: [Timing 38-91] UpdateTimingParams: Speed grade: -2LV, Temperature grade: C, Delay Type: min_max.
INFO: [Timing 38-191] Multithreading enabled for timing update using a maximum of 2 CPUs
WARNING: [Timing 38-313] There are no user specified timing constraints. Timing constraints are needed for proper timing analysis.
INFO: [runtcl-4] Executing : report_incremental_reuse -file Eliminator_incremental_reuse_routed.rpt
INFO: [Vivado_Tcl 4-1062] Incremental flow is disabled. No incremental reuse Info to report.
INFO: [runtcl-4] Executing : report_clock_utilization -file Eliminator_clock_utilization_routed.rpt
INFO: [runtcl-4] Executing : report_bus_skew -warn_on_violation -file Eliminator_bus_skew_routed.rpt -pb Eliminator_bus_skew_routed.pb -rpx Eliminator_bus_skew_routed.rpx
INFO: [Timing 38-91] UpdateTimingParams: Speed grade: -2LV, Temperature grade: C, Delay Type: min_max.
INFO: [Timing 38-191] Multithreading enabled for timing update using a maximum of 2 CPUs
Write ShapeDB Complete: Time (s): cpu = 00:00:00 ; elapsed = 00:00:00.009 . Memory (MB): peak = 3876.617 ; gain = 0.000
Wrote PlaceDB: Time (s): cpu = 00:00:00 ; elapsed = 00:00:00.018 . Memory (MB): peak = 3876.617 ; gain = 0.000
Wrote PulsedLatchDB: Time (s): cpu = 00:00:00 ; elapsed = 00:00:00 . Memory (MB): peak = 3876.617 ; gain = 0.000
Writing XDEF routing.
Writing XDEF routing logical nets.
Writing XDEF routing special nets.
Wrote RouteStorage: Time (s): cpu = 00:00:00 ; elapsed = 00:00:00.116 . Memory (MB): peak = 3876.617 ; gain = 0.000
Wrote Netlist Cache: Time (s): cpu = 00:00:00 ; elapsed = 00:00:00.002 . Memory (MB): peak = 3876.617 ; gain = 0.000
Wrote Device Cache: Time (s): cpu = 00:00:00 ; elapsed = 00:00:00.054 . Memory (MB): peak = 3876.617 ; gain = 0.000
Write Physdb Complete: Time (s): cpu = 00:00:00 ; elapsed = 00:00:00.217 . Memory (MB): peak = 3876.617 ; gain = 0.000
INFO: [Common 17-1381] The checkpoint 'D:/work_directory/TDC/Eliminator/Eliminator/Eliminator.runs/impl_1/Eliminator_routed.dcp' has been generated.
INFO: [Common 17-206] Exiting Vivado at Sat Jun 22 18:54:37 2024...
