                            latency            interval
transaction        0            0            0
transaction        1            0            0
transaction        2            0            0
transaction        3            0            0
transaction        4            0            0
transaction        5            0            0
transaction        6            0            0
transaction        7            0            0
transaction        8            0            0
transaction        9            0            0
transaction        10            0            0
transaction        11            0            0
transaction        12            0            0
transaction        13            0            0
transaction        14            0            0
transaction        15            0            0
transaction        16            0            0
transaction        17            0            0
transaction        18            0            0
transaction        19            0            0
transaction        20            0            0
transaction        21            0            0
transaction        22            0            0
transaction        23            0            0
transaction        24            0            0
transaction        25            0            0
transaction        26            0            0
transaction        27            0            0
transaction        28            0            0
transaction        29            0            0
transaction        30            0            0
transaction        31            0            0
transaction        32            0            0
transaction        33            0            0
transaction        34            0            0
transaction        35            0            0
transaction        36            0            0
transaction        37            0            0
transaction        38            0            0
transaction        39            0            0
transaction        40            0            0
transaction        41            0            0
transaction        42            0            0
transaction        43            0            0
transaction        44            0            0
transaction        45            0            0
transaction        46            0            0
transaction        47            0            0
transaction        48            0            0
transaction        49            0            0
transaction        50            0            0
transaction        51            0            0
transaction        52            0            0
transaction        53            0            0
transaction        54            0            0
transaction        55            0            0
transaction        56            0            0
transaction        57            0            0
transaction        58            0            0
transaction        59            0            0
transaction        60            0            0
transaction        61            0            0
transaction        62            0            0
transaction        63            0            0
transaction        64            0            0
transaction        65            0            0
transaction        66            0            0
transaction        67            0            0
transaction        68            0            0
transaction        69            0            0
transaction        70            0            0
transaction        71            0            0
transaction        72            0            0
transaction        73            0            0
transaction        74            0            0
transaction        75            0            0
transaction        76            0            0
transaction        77            0            0
transaction        78            0            0
transaction        79            0            0
transaction        80            0            0
transaction        81            0            0
transaction        82            0            0
transaction        83            0            0
transaction        84            0            0
transaction        85            0            0
transaction        86            0            0
transaction        87            0            0
transaction        88            0            0
transaction        89            0            0
transaction        90            0            0
transaction        91            0            0
transaction        92            0            0
transaction        93            0            0
transaction        94            0            0
transaction        95            0            0
transaction        96            0            0
transaction        97            0            0
transaction        98            0            0
transaction        99            0            0
