
*** Running vivado
    with args -log Encoder.vds -m64 -product Vivado -mode batch -messageDb vivado.pb -notrace -source Encoder.tcl


ECHO 处于关闭状态。
ECHO 处于关闭状态。

****** Vivado v2023.2 (64-bit)
  **** SW Build 4029153 on Fri Oct 13 20:14:34 MDT 2023
  **** IP Build 4028589 on Sat Oct 14 00:45:43 MDT 2023
  **** SharedData Build 4025554 on Tue Oct 10 17:18:54 MDT 2023
    ** Copyright 1986-2022 Xilinx, Inc. All Rights Reserved.
    ** Copyright 2022-2023 Advanced Micro Devices, Inc. All Rights Reserved.

source Encoder.tcl -notrace
create_project: Time (s): cpu = 00:00:06 ; elapsed = 00:00:06 . Memory (MB): peak = 473.961 ; gain = 177.129
WARNING: [Project 1-153] The current project device 'xc7a35tcpg236-1' does not match with the device on the 'XILINX.COM:KR260_SOM:PART0:1.1' board part. A device change to match the device on 'XILINX.COM:KR260_SOM:PART0:1.1' board part is being done. Please upgrade the IP in the project via the upgrade_ip command or by selecting Reports => Reports IP Status.
INFO: [Project 1-152] Project part set to zynquplus (xck26-sfvc784-2lv-c)
Command: read_checkpoint -auto_incremental -incremental D:/work_directory/TDC/Encoder/Encoder/Encoder.srcs/utils_1/imports/synth_1/Encoder.dcp
INFO: [Vivado 12-5825] Read reference checkpoint from D:/work_directory/TDC/Encoder/Encoder/Encoder.srcs/utils_1/imports/synth_1/Encoder.dcp for incremental synthesis
INFO: [Vivado 12-7989] Please ensure there are no constraint changes
Command: synth_design -top Encoder -part xc7a35tcpg236-1
Starting synth_design
Attempting to get a license for feature 'Synthesis' and/or device 'xc7a35t'
INFO: [Common 17-349] Got license for feature 'Synthesis' and/or device 'xc7a35t'
INFO: [Designutils 20-5440] No compile time benefit to using incremental synthesis; A full resynthesis will be run
INFO: [Designutils 20-4379] Flow is switching to default flow due to incremental criteria not met. If you would like to alter this behaviour and have the flow terminate instead, please set the following parameter config_implementation {autoIncr.Synth.RejectBehavior Terminate}
INFO: [Synth 8-7079] Multithreading enabled for synth_design using a maximum of 2 processes.
INFO: [Synth 8-7078] Launching helper process for spawning children vivado processes
INFO: [Synth 8-7075] Helper process launched with PID 18808
---------------------------------------------------------------------------------
Starting Synthesize : Time (s): cpu = 00:00:07 ; elapsed = 00:00:07 . Memory (MB): peak = 927.812 ; gain = 432.777
---------------------------------------------------------------------------------
INFO: [Synth 8-638] synthesizing module 'Encoder' [D:/work_directory/TDC/Encoder/Encoder/Encoder.srcs/sources_1/new/Encoder.vhd:50]
INFO: [Synth 8-256] done synthesizing module 'Encoder' (0#1) [D:/work_directory/TDC/Encoder/Encoder/Encoder.srcs/sources_1/new/Encoder.vhd:50]
WARNING: [Synth 8-6014] Unused sequential element raw_data_reg_reg was removed.  [D:/work_directory/TDC/Encoder/Encoder/Encoder.srcs/sources_1/new/Encoder.vhd:73]
WARNING: [Synth 8-7129] Port rst in module Encoder is either unconnected or has no load
WARNING: [Synth 8-7129] Port raw_data[21] in module Encoder is either unconnected or has no load
WARNING: [Synth 8-7129] Port raw_data[20] in module Encoder is either unconnected or has no load
WARNING: [Synth 8-7129] Port raw_data[19] in module Encoder is either unconnected or has no load
WARNING: [Synth 8-7129] Port raw_data[18] in module Encoder is either unconnected or has no load
WARNING: [Synth 8-7129] Port raw_data[17] in module Encoder is either unconnected or has no load
WARNING: [Synth 8-7129] Port raw_data[16] in module Encoder is either unconnected or has no load
WARNING: [Synth 8-7129] Port raw_data[15] in module Encoder is either unconnected or has no load
WARNING: [Synth 8-7129] Port raw_data[14] in module Encoder is either unconnected or has no load
WARNING: [Synth 8-7129] Port raw_data[13] in module Encoder is either unconnected or has no load
WARNING: [Synth 8-7129] Port raw_data[12] in module Encoder is either unconnected or has no load
WARNING: [Synth 8-7129] Port raw_data[11] in module Encoder is either unconnected or has no load
WARNING: [Synth 8-7129] Port raw_data[10] in module Encoder is either unconnected or has no load
WARNING: [Synth 8-7129] Port raw_data[9] in module Encoder is either unconnected or has no load
WARNING: [Synth 8-7129] Port raw_data[8] in module Encoder is either unconnected or has no load
WARNING: [Synth 8-7129] Port raw_data[7] in module Encoder is either unconnected or has no load
WARNING: [Synth 8-7129] Port raw_data[6] in module Encoder is either unconnected or has no load
WARNING: [Synth 8-7129] Port raw_data[5] in module Encoder is either unconnected or has no load
WARNING: [Synth 8-7129] Port raw_data[4] in module Encoder is either unconnected or has no load
WARNING: [Synth 8-7129] Port raw_data[3] in module Encoder is either unconnected or has no load
WARNING: [Synth 8-7129] Port raw_data[2] in module Encoder is either unconnected or has no load
WARNING: [Synth 8-7129] Port raw_data[1] in module Encoder is either unconnected or has no load
WARNING: [Synth 8-7129] Port raw_data[0] in module Encoder is either unconnected or has no load
---------------------------------------------------------------------------------
Finished Synthesize : Time (s): cpu = 00:00:08 ; elapsed = 00:00:08 . Memory (MB): peak = 1034.469 ; gain = 539.434
---------------------------------------------------------------------------------
---------------------------------------------------------------------------------
Finished Constraint Validation : Time (s): cpu = 00:00:09 ; elapsed = 00:00:09 . Memory (MB): peak = 1034.469 ; gain = 539.434
---------------------------------------------------------------------------------
---------------------------------------------------------------------------------
Start Loading Part and Timing Information
---------------------------------------------------------------------------------
Loading part: xc7a35tcpg236-1
---------------------------------------------------------------------------------
Finished Loading Part and Timing Information : Time (s): cpu = 00:00:09 ; elapsed = 00:00:09 . Memory (MB): peak = 1034.469 ; gain = 539.434
---------------------------------------------------------------------------------
INFO: [Device 21-403] Loading part xc7a35tcpg236-1
INFO: [Synth 8-802] inferred FSM for state register 'state_reg' in module 'Encoder'
---------------------------------------------------------------------------------------------------
                   State |                     New Encoding |                Previous Encoding 
---------------------------------------------------------------------------------------------------
                    idle |                              001 |                               00
                 working |                              010 |                               01
               finishing |                              100 |                               10
---------------------------------------------------------------------------------------------------
INFO: [Synth 8-3354] encoded FSM with state register 'state_reg' using encoding 'one-hot' in module 'Encoder'
---------------------------------------------------------------------------------
Finished RTL Optimization Phase 2 : Time (s): cpu = 00:00:09 ; elapsed = 00:00:09 . Memory (MB): peak = 1034.469 ; gain = 539.434
---------------------------------------------------------------------------------
No constraint files found.
---------------------------------------------------------------------------------
Start RTL Component Statistics 
---------------------------------------------------------------------------------
Detailed RTL Component Info : 
+---Registers : 
	               32 Bit    Registers := 1     
	                1 Bit    Registers := 1     
+---Muxes : 
	   3 Input    3 Bit        Muxes := 1     
	   2 Input    3 Bit        Muxes := 1     
	   3 Input    1 Bit        Muxes := 1     
---------------------------------------------------------------------------------
Finished RTL Component Statistics 
---------------------------------------------------------------------------------
---------------------------------------------------------------------------------
Start Part Resource Summary
---------------------------------------------------------------------------------
Part Resources:
DSPs: 90 (col length:60)
BRAMs: 100 (col length: RAMB18 60 RAMB36 30)
---------------------------------------------------------------------------------
Finished Part Resource Summary
---------------------------------------------------------------------------------
No constraint files found.
---------------------------------------------------------------------------------
Start Cross Boundary and Area Optimization
---------------------------------------------------------------------------------
WARNING: [Synth 8-7080] Parallel synthesis criteria is not met
WARNING: [Synth 8-7129] Port rst in module Encoder is either unconnected or has no load
WARNING: [Synth 8-7129] Port raw_data[21] in module Encoder is either unconnected or has no load
WARNING: [Synth 8-7129] Port raw_data[20] in module Encoder is either unconnected or has no load
WARNING: [Synth 8-7129] Port raw_data[19] in module Encoder is either unconnected or has no load
WARNING: [Synth 8-7129] Port raw_data[18] in module Encoder is either unconnected or has no load
WARNING: [Synth 8-7129] Port raw_data[17] in module Encoder is either unconnected or has no load
WARNING: [Synth 8-7129] Port raw_data[16] in module Encoder is either unconnected or has no load
WARNING: [Synth 8-7129] Port raw_data[15] in module Encoder is either unconnected or has no load
WARNING: [Synth 8-7129] Port raw_data[14] in module Encoder is either unconnected or has no load
WARNING: [Synth 8-7129] Port raw_data[13] in module Encoder is either unconnected or has no load
WARNING: [Synth 8-7129] Port raw_data[12] in module Encoder is either unconnected or has no load
WARNING: [Synth 8-7129] Port raw_data[11] in module Encoder is either unconnected or has no load
WARNING: [Synth 8-7129] Port raw_data[10] in module Encoder is either unconnected or has no load
WARNING: [Synth 8-7129] Port raw_data[9] in module Encoder is either unconnected or has no load
WARNING: [Synth 8-7129] Port raw_data[8] in module Encoder is either unconnected or has no load
WARNING: [Synth 8-7129] Port raw_data[7] in module Encoder is either unconnected or has no load
WARNING: [Synth 8-7129] Port raw_data[6] in module Encoder is either unconnected or has no load
WARNING: [Synth 8-7129] Port raw_data[5] in module Encoder is either unconnected or has no load
WARNING: [Synth 8-7129] Port raw_data[4] in module Encoder is either unconnected or has no load
WARNING: [Synth 8-7129] Port raw_data[3] in module Encoder is either unconnected or has no load
WARNING: [Synth 8-7129] Port raw_data[2] in module Encoder is either unconnected or has no load
WARNING: [Synth 8-7129] Port raw_data[1] in module Encoder is either unconnected or has no load
WARNING: [Synth 8-7129] Port raw_data[0] in module Encoder is either unconnected or has no load
---------------------------------------------------------------------------------
Finished Cross Boundary and Area Optimization : Time (s): cpu = 00:00:15 ; elapsed = 00:00:15 . Memory (MB): peak = 1216.480 ; gain = 721.445
---------------------------------------------------------------------------------
No constraint files found.
---------------------------------------------------------------------------------
Start Timing Optimization
---------------------------------------------------------------------------------
---------------------------------------------------------------------------------
Finished Timing Optimization : Time (s): cpu = 00:00:15 ; elapsed = 00:00:15 . Memory (MB): peak = 1217.402 ; gain = 722.367
---------------------------------------------------------------------------------
---------------------------------------------------------------------------------
Start Technology Mapping
---------------------------------------------------------------------------------
---------------------------------------------------------------------------------
Finished Technology Mapping : Time (s): cpu = 00:00:15 ; elapsed = 00:00:15 . Memory (MB): peak = 1226.578 ; gain = 731.543
---------------------------------------------------------------------------------
---------------------------------------------------------------------------------
Start IO Insertion
---------------------------------------------------------------------------------
---------------------------------------------------------------------------------
Start Flattening Before IO Insertion
---------------------------------------------------------------------------------
---------------------------------------------------------------------------------
Finished Flattening Before IO Insertion
---------------------------------------------------------------------------------
---------------------------------------------------------------------------------
Start Final Netlist Cleanup
---------------------------------------------------------------------------------
---------------------------------------------------------------------------------
Finished Final Netlist Cleanup
---------------------------------------------------------------------------------
---------------------------------------------------------------------------------
Finished IO Insertion : Time (s): cpu = 00:00:20 ; elapsed = 00:00:20 . Memory (MB): peak = 1226.578 ; gain = 731.543
---------------------------------------------------------------------------------
---------------------------------------------------------------------------------
Start Renaming Generated Instances
---------------------------------------------------------------------------------
---------------------------------------------------------------------------------
Finished Renaming Generated Instances : Time (s): cpu = 00:00:20 ; elapsed = 00:00:20 . Memory (MB): peak = 1226.578 ; gain = 731.543
---------------------------------------------------------------------------------
---------------------------------------------------------------------------------
Start Rebuilding User Hierarchy
---------------------------------------------------------------------------------
---------------------------------------------------------------------------------
Finished Rebuilding User Hierarchy : Time (s): cpu = 00:00:20 ; elapsed = 00:00:20 . Memory (MB): peak = 1226.578 ; gain = 731.543
---------------------------------------------------------------------------------
---------------------------------------------------------------------------------
Start Renaming Generated Ports
---------------------------------------------------------------------------------
---------------------------------------------------------------------------------
Finished Renaming Generated Ports : Time (s): cpu = 00:00:20 ; elapsed = 00:00:20 . Memory (MB): peak = 1226.578 ; gain = 731.543
---------------------------------------------------------------------------------
---------------------------------------------------------------------------------
Start Handling Custom Attributes
---------------------------------------------------------------------------------
---------------------------------------------------------------------------------
Finished Handling Custom Attributes : Time (s): cpu = 00:00:20 ; elapsed = 00:00:20 . Memory (MB): peak = 1226.578 ; gain = 731.543
---------------------------------------------------------------------------------
---------------------------------------------------------------------------------
Start Renaming Generated Nets
---------------------------------------------------------------------------------
---------------------------------------------------------------------------------
Finished Renaming Generated Nets : Time (s): cpu = 00:00:20 ; elapsed = 00:00:20 . Memory (MB): peak = 1226.578 ; gain = 731.543
---------------------------------------------------------------------------------
---------------------------------------------------------------------------------
Start Writing Synthesis Report
---------------------------------------------------------------------------------

Report BlackBoxes: 
+-+--------------+----------+
| |BlackBox name |Instances |
+-+--------------+----------+
+-+--------------+----------+

Report Cell Usage: 
+------+-----+------+
|      |Cell |Count |
+------+-----+------+
|1     |BUFG |     1|
|2     |LUT2 |     2|
|3     |LUT3 |     1|
|4     |FDRE |     5|
|5     |IBUF |     2|
|6     |OBUF |    33|
+------+-----+------+

Report Instance Areas: 
+------+---------+-------+------+
|      |Instance |Module |Cells |
+------+---------+-------+------+
|1     |top      |       |    44|
+------+---------+-------+------+
---------------------------------------------------------------------------------
Finished Writing Synthesis Report : Time (s): cpu = 00:00:20 ; elapsed = 00:00:20 . Memory (MB): peak = 1226.578 ; gain = 731.543
---------------------------------------------------------------------------------
Synthesis finished with 0 errors, 0 critical warnings and 48 warnings.
Synthesis Optimization Runtime : Time (s): cpu = 00:00:20 ; elapsed = 00:00:20 . Memory (MB): peak = 1226.578 ; gain = 731.543
Synthesis Optimization Complete : Time (s): cpu = 00:00:20 ; elapsed = 00:00:20 . Memory (MB): peak = 1226.578 ; gain = 731.543
INFO: [Project 1-571] Translating synthesized netlist
Netlist sorting complete. Time (s): cpu = 00:00:00 ; elapsed = 00:00:00 . Memory (MB): peak = 1229.426 ; gain = 0.000
INFO: [Project 1-570] Preparing netlist for logic optimization
INFO: [Opt 31-138] Pushed 0 inverter(s) to 0 load pin(s).
Netlist sorting complete. Time (s): cpu = 00:00:00 ; elapsed = 00:00:00 . Memory (MB): peak = 1322.984 ; gain = 0.000
INFO: [Project 1-111] Unisim Transformation Summary:
No Unisim elements were transformed.

系统找不到指定的路径。
Synth Design complete | Checksum: 733252de
INFO: [Common 17-83] Releasing license: Synthesis
19 Infos, 49 Warnings, 0 Critical Warnings and 0 Errors encountered.
synth_design completed successfully
synth_design: Time (s): cpu = 00:00:22 ; elapsed = 00:00:23 . Memory (MB): peak = 1322.984 ; gain = 827.949
Write ShapeDB Complete: Time (s): cpu = 00:00:00 ; elapsed = 00:00:00.002 . Memory (MB): peak = 1322.984 ; gain = 0.000
INFO: [Common 17-1381] The checkpoint 'D:/work_directory/TDC/Encoder/Encoder/Encoder.runs/synth_1/Encoder.dcp' has been generated.
INFO: [runtcl-4] Executing : report_utilization -file Encoder_utilization_synth.rpt -pb Encoder_utilization_synth.pb
INFO: [Common 17-206] Exiting Vivado at Sat Jun 22 09:28:19 2024...
