#-----------------------------------------------------------
# xsim v2023.2 (64-bit)
# SW Build 4029153 on Fri Oct 13 20:14:34 MDT 2023
# IP Build 4028589 on Sat Oct 14 00:45:43 MDT 2023
# SharedData Build 4025554 on Tue Oct 10 17:18:54 MDT 2023
# Start of session at: Wed Apr 24 15:49:36 2024
# Process ID: 20004
# Current directory: D:/work_directory/TDC/Encoder/solution1/sim/vhdl
# Command line: xsim.exe -mode tcl -source {xsim.dir/encoder/xsim_script.tcl}
# Log file: D:/work_directory/TDC/Encoder/solution1/sim/vhdl/xsim.log
# Journal file: D:/work_directory/TDC/Encoder/solution1/sim/vhdl\xsim.jou
# Running On: LAPTOP-UQD20HRI, OS: Windows, CPU Frequency: 2419 MHz, CPU Physical cores: 4, Host memory: 16952 MB
#-----------------------------------------------------------
source xsim.dir/encoder/xsim_script.tcl
# xsim {encoder} -autoloadwcfg -tclbatch {encoder.tcl}
Time resolution is 1 ps
source encoder.tcl
## run all
Note: simulation done!
Time: 3745500 ps  Iteration: 1  Process: /apatb_encoder_top/generate_sim_done_proc  File: D:/work_directory/TDC/Encoder/solution1/sim/vhdl/encoder.autotb.vhd
Failure: NORMAL EXIT (note: failure is to force the simulator to stop)
Time: 3745500 ps  Iteration: 1  Process: /apatb_encoder_top/generate_sim_done_proc  File: D:/work_directory/TDC/Encoder/solution1/sim/vhdl/encoder.autotb.vhd
$finish called at time : 3745500 ps
## quit
INFO: [Common 17-206] Exiting xsim at Wed Apr 24 15:49:39 2024...
