D:\work_directory\TDC\Encoder\solution1\.autopilot\db\encoder.pp.0.cpp:1314:7: warning: Added loop label VITIS_LOOP_1207_1:   [xilinx-label-all-loops]
      for (i = 0; i < __N - 1; ++i) {
      ^~~
      VITIS_LOOP_1207_1: 
D:\work_directory\TDC\Encoder\solution1\.autopilot\db\encoder.pp.0.cpp:1314:7: note: FIX-IT applied suggested code changes
D:\work_directory\TDC\Encoder\solution1\.autopilot\db\encoder.pp.0.cpp:2288:5: warning: Added loop label VITIS_LOOP_676_1:   [xilinx-label-all-loops]
    for (unsigned i = low; i != high; ++i) {
    ^~~
    VITIS_LOOP_676_1: 
D:\work_directory\TDC\Encoder\solution1\.autopilot\db\encoder.pp.0.cpp:2288:5: note: FIX-IT applied suggested code changes
D:\work_directory\TDC\Encoder\solution1\.autopilot\db\encoder.pp.0.cpp:2302:5: warning: Added loop label VITIS_LOOP_690_1:   [xilinx-label-all-loops]
    for (unsigned i = low; i != high; ++i) {
    ^~~
    VITIS_LOOP_690_1: 
D:\work_directory\TDC\Encoder\solution1\.autopilot\db\encoder.pp.0.cpp:2302:5: note: FIX-IT applied suggested code changes
D:\work_directory\TDC\Encoder\solution1\.autopilot\db\encoder.pp.0.cpp:2316:5: warning: Added loop label VITIS_LOOP_704_1:   [xilinx-label-all-loops]
    for (unsigned i = low; i != high; ++i) {
    ^~~
    VITIS_LOOP_704_1: 
D:\work_directory\TDC\Encoder\solution1\.autopilot\db\encoder.pp.0.cpp:2316:5: note: FIX-IT applied suggested code changes
D:\work_directory\TDC\Encoder\solution1\.autopilot\db\encoder.pp.0.cpp:3945:7: warning: Added loop label VITIS_LOOP_1247_1:   [xilinx-label-all-loops]
      for (i = 0; i < __N - 1; ++i) {
      ^~~
      VITIS_LOOP_1247_1: 
D:\work_directory\TDC\Encoder\solution1\.autopilot\db\encoder.pp.0.cpp:3945:7: note: FIX-IT applied suggested code changes
D:\work_directory\TDC\Encoder\solution1\.autopilot\db\encoder.pp.0.cpp:5753:2: warning: Added loop label VITIS_LOOP_14_1:   [xilinx-label-all-loops]
 for (int i=0; i<12; i++){
 ^~~
 VITIS_LOOP_14_1: 
D:\work_directory\TDC\Encoder\solution1\.autopilot\db\encoder.pp.0.cpp:5753:2: note: FIX-IT applied suggested code changes
D:\work_directory\TDC\Encoder\solution1\.autopilot\db\encoder.pp.0.cpp:5757:2: warning: Added loop label VITIS_LOOP_18_2:   [xilinx-label-all-loops]
 for (int i=0; i<4; i++){
 ^~~
 VITIS_LOOP_18_2: 
D:\work_directory\TDC\Encoder\solution1\.autopilot\db\encoder.pp.0.cpp:5757:2: note: FIX-IT applied suggested code changes
