Vivado Simulator v2023.2
Copyright 1986-2022 Xilinx, Inc. All Rights Reserved.
Copyright 2022-2023 Advanced Micro Devices, Inc. All Rights Reserved.
Running: D:/Xilinx/Vivado/2023.2/bin/unwrapped/win64.o/xelab.exe --incr --debug typical --relax --mt 2 -L xil_defaultlib -L unisims_ver -L unimacro_ver -L secureip -L xpm --snapshot tb_fifo_behav xil_defaultlib.tb_fifo xil_defaultlib.glbl -log elaborate.log 
Using 2 slave threads.
Starting static elaboration
Pass Through NonSizing Optimizer
Completed static elaboration
Starting simulation data flow analysis
Completed simulation data flow analysis
Time Resolution for simulation is 1ps
Compiling package std.standard
Compiling package std.textio
Compiling package ieee.std_logic_1164
Compiling package ieee.numeric_std
Compiling package unisim.vcomponents
Compiling package ieee.vital_timing
Compiling package ieee.vital_primitives
Compiling package unisim.vpkg
Compiling module xil_defaultlib.glbl
Compiling architecture gnd_v of entity unisim.GND [gnd_default]
Compiling architecture lut1_v of entity unisim.LUT1 [\LUT1(init="0001")(0,3)\]
Compiling architecture lut4_v of entity unisim.LUT4 [\LUT4(init="1001010101101010")(0...]
Compiling architecture lut5_v of entity unisim.LUT5 [\LUT5(init="11010101001010101011...]
Compiling architecture lut6_v of entity unisim.LUT6 [\LUT6(init="10001111111111110111...]
Compiling architecture lut6_v of entity unisim.LUT6 [\LUT6(init="11110111111111110000...]
Compiling architecture fdre_v of entity unisim.FDRE [fdre_default]
Compiling architecture structure of entity xil_defaultlib.fifo_generator_0_updn_cntr [fifo_generator_0_updn_cntr_defau...]
Compiling architecture structure of entity xil_defaultlib.fifo_generator_0_dc_ss_fwft [fifo_generator_0_dc_ss_fwft_defa...]
Compiling architecture lut5_v of entity unisim.LUT5 [\LUT5(init="11111111110010111000...]
Compiling architecture fdse_v of entity unisim.FDSE [fdse_default]
Compiling architecture lut2_v of entity unisim.LUT2 [\LUT2(init="1000")(0,3)\]
Compiling architecture lut4_v of entity unisim.LUT4 [\LUT4(init="1111001100100000")(0...]
Compiling architecture lut4_v of entity unisim.LUT4 [\LUT4(init="0100010101010101")(0...]
Compiling architecture lut3_v of entity unisim.LUT3 [\LUT3(init="10100010")(0,7)\]
Compiling architecture lut4_v of entity unisim.LUT4 [\LUT4(init="0000000011110111")(0...]
Compiling architecture lut3_v of entity unisim.LUT3 [\LUT3(init="10111010")(0,7)\]
Compiling architecture lut4_v of entity unisim.LUT4 [\LUT4(init="0010000011111111")(0...]
Compiling architecture structure of entity xil_defaultlib.fifo_generator_0_rd_fwft [fifo_generator_0_rd_fwft_default]
Compiling architecture structure of entity xil_defaultlib.fifo_generator_0_rd_status_flags_ss [fifo_generator_0_rd_status_flags...]
Compiling architecture lut2_v of entity unisim.LUT2 [\LUT2(init="0110")(0,3)\]
Compiling architecture lut3_v of entity unisim.LUT3 [\LUT3(init="01111000")(0,7)\]
Compiling architecture lut4_v of entity unisim.LUT4 [\LUT4(init="0111111110000000")(0...]
Compiling architecture lut6_v of entity unisim.LUT6 [\LUT6(init="11111111000011111111...]
Compiling architecture lut5_v of entity unisim.LUT5 [\LUT5(init="10010000000010010000...]
Compiling architecture lut4_v of entity unisim.LUT4 [\LUT4(init="1001000000001001")(0...]
Compiling architecture lut5_v of entity unisim.LUT5 [\LUT5(init="00001111111111110000...]
Compiling architecture structure of entity xil_defaultlib.fifo_generator_0_rd_bin_cntr [fifo_generator_0_rd_bin_cntr_def...]
Compiling architecture structure of entity xil_defaultlib.fifo_generator_0_rd_logic [fifo_generator_0_rd_logic_defaul...]
Compiling architecture lut4_v of entity unisim.LUT4 [\LUT4(init="1011010001000100")(0...]
Compiling architecture lut2_v of entity unisim.LUT2 [\LUT2(init="0010")(0,3)\]
Compiling architecture lut1_v of entity unisim.LUT1 [\LUT1(init="0010")(0,3)\]
Compiling architecture structure of entity xil_defaultlib.fifo_generator_0_wr_status_flags_ss [fifo_generator_0_wr_status_flags...]
Compiling architecture structure of entity xil_defaultlib.fifo_generator_0_wr_bin_cntr [fifo_generator_0_wr_bin_cntr_def...]
Compiling architecture structure of entity xil_defaultlib.fifo_generator_0_wr_logic [fifo_generator_0_wr_logic_defaul...]
Compiling architecture ram32m16_v of entity unisim.RAM32M16 [ram32m16_default]
Compiling architecture ram32m_v of entity unisim.RAM32M [ram32m_default]
Compiling architecture structure of entity xil_defaultlib.fifo_generator_0_dmem [fifo_generator_0_dmem_default]
Compiling architecture structure of entity xil_defaultlib.fifo_generator_0_memory [fifo_generator_0_memory_default]
Compiling architecture lut2_v of entity unisim.LUT2 [\LUT2(init="1110")(0,3)\]
Compiling architecture fdre_v of entity unisim.FDRE [\FDRE(init='1')\]
Compiling architecture structure of entity xil_defaultlib.fifo_generator_0_bram_fifo_rstlogic [fifo_generator_0_bram_fifo_rstlo...]
Compiling architecture structure of entity xil_defaultlib.fifo_generator_0_reset_blk_ramfifo [fifo_generator_0_reset_blk_ramfi...]
Compiling architecture structure of entity xil_defaultlib.fifo_generator_0_fifo_generator_ramfifo [fifo_generator_0_fifo_generator_...]
Compiling architecture structure of entity xil_defaultlib.fifo_generator_0_fifo_generator_top [fifo_generator_0_fifo_generator_...]
Compiling architecture structure of entity xil_defaultlib.fifo_generator_0_fifo_generator_v13_2_9_synth [fifo_generator_0_fifo_generator_...]
Compiling architecture structure of entity xil_defaultlib.fifo_generator_0_fifo_generator_v13_2_9 [fifo_generator_0_fifo_generator_...]
Compiling architecture structure of entity xil_defaultlib.fifo_generator_0 [fifo_generator_0_default]
Compiling architecture behavioral of entity xil_defaultlib.Pipe [pipe_default]
Compiling architecture behavioral of entity xil_defaultlib.tb_fifo
Built simulation snapshot tb_fifo_behav
