

================================================================
== Vitis HLS Report for 'encoder'
================================================================
* Date:           Wed Apr 24 15:39:54 2024

* Version:        2023.2 (Build 4023990 on Oct 11 2023)
* Project:        Encoder
* Solution:       solution1 (Vivado IP Flow Target)
* Product family: artix7
* Target device:  xc7a35t-cpg236-1


================================================================
== Performance Estimates
================================================================
+ Timing: 
    * Summary: 
    +--------+----------+----------+------------+
    |  Clock |  Target  | Estimated| Uncertainty|
    +--------+----------+----------+------------+
    |ap_clk  |  33.00 ns|  6.314 ns|     8.91 ns|
    +--------+----------+----------+------------+

+ Latency: 
    * Summary: 
    +---------+---------+----------+----------+-----+-----+---------+
    |  Latency (cycles) |  Latency (absolute) |  Interval | Pipeline|
    |   min   |   max   |    min   |    max   | min | max |   Type  |
    +---------+---------+----------+----------+-----+-----+---------+
    |        0|        0|      0 ns|      0 ns|    1|    1|       no|
    +---------+---------+----------+----------+-----+-----+---------+

    + Detail: 
        * Instance: 
        N/A

        * Loop: 
        N/A



================================================================
== Utilization Estimates
================================================================
* Summary: 
+-----------------+---------+----+-------+-------+-----+
|       Name      | BRAM_18K| DSP|   FF  |  LUT  | URAM|
+-----------------+---------+----+-------+-------+-----+
|DSP              |        -|   -|      -|      -|    -|
|Expression       |        -|   -|      0|    100|    -|
|FIFO             |        -|   -|      -|      -|    -|
|Instance         |        -|   -|      -|      -|    -|
|Memory           |        -|   -|      -|      -|    -|
|Multiplexer      |        -|   -|      -|      -|    -|
|Register         |        -|   -|      -|      -|    -|
+-----------------+---------+----+-------+-------+-----+
|Total            |        0|   0|      0|    100|    0|
+-----------------+---------+----+-------+-------+-----+
|Available        |      100|  90|  41600|  20800|    0|
+-----------------+---------+----+-------+-------+-----+
|Utilization (%)  |        0|   0|      0|     ~0|    0|
+-----------------+---------+----+-------+-------+-----+

+ Detail: 
    * Instance: 
    N/A

    * DSP: 
    N/A

    * Memory: 
    N/A

    * FIFO: 
    N/A

    * Expression: 
    +------------------------+----------+----+---+----+------------+------------+
    |      Variable Name     | Operation| DSP| FF| LUT| Bitwidth P0| Bitwidth P1|
    +------------------------+----------+----+---+----+------------+------------+
    |add_ln28_1_fu_174_p2    |         +|   0|  0|  10|           2|           2|
    |add_ln28_2_fu_190_p2    |         +|   0|  0|  11|           3|           3|
    |add_ln28_3_fu_204_p2    |         +|   0|  0|  10|           2|           2|
    |add_ln28_4_fu_214_p2    |         +|   0|  0|  10|           2|           2|
    |add_ln28_5_fu_230_p2    |         +|   0|  0|  11|           3|           3|
    |add_ln28_6_fu_250_p2    |         +|   0|  0|   7|           4|           4|
    |add_ln28_8_fu_184_p2    |         +|   0|  0|  10|           2|           2|
    |add_ln28_9_fu_224_p2    |         +|   0|  0|  10|           2|           2|
    |add_ln28_fu_164_p2      |         +|   0|  0|  10|           2|           2|
    |fine_counter_fu_256_p2  |         +|   0|  0|   7|           4|           4|
    |xor_ln20_fu_262_p2      |       xor|   0|  0|   2|           1|           1|
    |xor_ln28_fu_244_p2      |       xor|   0|  0|   2|           1|           1|
    +------------------------+----------+----+---+----+------------+------------+
    |Total                   |          |   0|  0| 100|          28|          28|
    +------------------------+----------+----+---+----+------------+------------+

    * Multiplexer: 
    N/A

    * Register: 
    N/A



================================================================
== Interface
================================================================
* Summary: 
+----------------+-----+-----+------------+----------------+--------------+
|    RTL Ports   | Dir | Bits|  Protocol  |  Source Object |    C Type    |
+----------------+-----+-----+------------+----------------+--------------+
|ap_start        |   in|    1|  ap_ctrl_hs|         encoder|  return value|
|ap_done         |  out|    1|  ap_ctrl_hs|         encoder|  return value|
|ap_idle         |  out|    1|  ap_ctrl_hs|         encoder|  return value|
|ap_ready        |  out|    1|  ap_ctrl_hs|         encoder|  return value|
|ap_return       |  out|   32|  ap_ctrl_hs|         encoder|  return value|
|coarse_counter  |   in|   12|     ap_none|  coarse_counter|        scalar|
|delay_chain     |   in|    9|     ap_none|     delay_chain|        scalar|
+----------------+-----+-----+------------+----------------+--------------+

